"../../../Engine/Content/ArtTools/RenderToTexture/Enums/RenderToTexture_Enum.uasset" 0
"../../../Engine/Content/ArtTools/RenderToTexture/Enums/RenderToTexture_Flipbook_Enum.uasset" 1
"../../../Engine/Content/ArtTools/RenderToTexture/Enums/RenderToTexture_Imposter_Enum.uasset" 2
"../../../Engine/Content/EditorBlueprintResources/StandardMacros.uasset" 3
"../../../Engine/Content/ArtTools/RenderToTexture/Enums/EIntTypes.uasset" 4
"../../../Engine/Content/ArtTools/RenderToTexture/Macros/RenderToTextureFunctionLibrary.uasset" 5
"../../../Engine/Content/ArtTools/RenderToTexture/Enums/EFloatTypes.uasset" 6
"../../../Engine/Content/ArtTools/RenderToTexture/Macros/RenderToTextureMacros.uasset" 7
"../../../Engine/Content/EngineMaterials/T_Default_Material_Grid_N.uasset" 8
"../../../Engine/Content/EngineMaterials/T_Default_Material_Grid_M.uasset" 9
"../../../Engine/Content/Functions/Engine_MaterialFunctions01/Opacity/CameraDepthFade.uasset" 10
"../../../Engine/Content/EngineMaterials/WorldGridMaterial.uasset" 11
"../../../Engine/Content/ArtTools/RenderToTexture/Meshes/S_1_Unit_Plane.uasset" 12
"../../../Engine/Content/EngineMaterials/DefaultMaterial.uasset" 13
"../../../Engine/Content/BasicShapes/Cone.uasset" 14
"../../../Engine/Content/BasicShapes/Cube.uasset" 15
"../../../Engine/Content/BasicShapes/Plane.uasset" 16
"../../../Engine/Content/BasicShapes/Sphere.uasset" 17
"../../../Engine/Content/EngineMaterials/DefaultPhysicalMaterial.uasset" 18
"../../../Engine/Content/BufferVisualization/AmbientOcclusion.uasset" 19
"../../../Engine/Content/Functions/Engine_MaterialFunctions02/Utility/AppendMany.uasset" 20
"../../../Engine/Content/BufferVisualization/Anisotropy.uasset" 21
"../../../Engine/Content/BufferVisualization/BaseColor.uasset" 22
"../../../Engine/Content/BufferVisualization/CustomDepth.uasset" 23
"../../../Engine/Content/Functions/Engine_MaterialFunctions02/Utility/VectorLength.uasset" 24
"../../../Engine/Content/BufferVisualization/CustomDepthWorldUnits.uasset" 25
"../../../Engine/Content/EngineMaterials/MiniFont.uasset" 26
"../../../Engine/Content/Functions/Engine_MaterialFunctions02/Utility/MakeFloat3.uasset" 27
"../../../Engine/Content/Functions/Engine_MaterialFunctions02/Utility/MakeFloat2.uasset" 28
"../../../Engine/Content/Functions/Engine_MaterialFunctions02/ScreenResolution.uasset" 29
"../../../Engine/Content/Functions/Engine_MaterialFunctions02/Utility/BreakOutFloat2Components.uasset" 30
"../../../Engine/Content/Functions/Engine_MaterialFunctions01/Texturing/ScaleUVsByCenter.uasset" 31
"../../../Engine/Content/Functions/Engine_MaterialFunctions02/Texturing/ScreenAlignedUVs.uasset" 32
"../../../Engine/Content/BufferVisualization/CustomStencil.uasset" 33
"../../../Engine/Content/BufferVisualization/FinalImage.uasset" 34
"../../../Engine/Content/BufferVisualization/LightingModel.uasset" 35
"../../../Engine/Content/BufferVisualization/MaterialAO.uasset" 36
"../../../Engine/Content/BufferVisualization/Metallic.uasset" 37
"../../../Engine/Content/BufferVisualization/Opacity.uasset" 38
"../../../Engine/Content/BufferVisualization/PostTonemapHDRColor.uasset" 39
"../../../Engine/Content/BufferVisualization/PreTonemapHDRColor.uasset" 40
"../../../Engine/Content/BufferVisualization/Roughness.uasset" 41
"../../../Engine/Content/BufferVisualization/SceneColor.uasset" 42
"../../../Engine/Content/BufferVisualization/SceneDepth.uasset" 43
"../../../Engine/Content/BufferVisualization/SceneDepthWorldUnits.uasset" 44
"../../../Engine/Content/BufferVisualization/SeparateTranslucencyA.uasset" 45
"../../../Engine/Content/BufferVisualization/SeparateTranslucencyRGB.uasset" 46
"../../../Engine/Content/BufferVisualization/Specular.uasset" 47
"../../../Engine/Content/BufferVisualization/SubsurfaceColor.uasset" 48
"../../../Engine/Content/BufferVisualization/Velocity.uasset" 49
"../../../Engine/Content/BufferVisualization/WorldNormal.uasset" 50
"../../../Engine/Content/BufferVisualization/WorldTangent.uasset" 51
"../../../Engine/Content/EditorBlueprintResources/ActorMacros.uasset" 52
"../../../Engine/Content/EditorLandscapeResources/DataLayer.uasset" 53
"../../../Engine/Content/EditorLandscapeResources/DefaultAlphaTexture.uasset" 54
"../../../Engine/Content/EditorLandscapeResources/LandscapeGizmoHeight_Mat.uasset" 55
"../../../Engine/Content/EditorLandscapeResources/LandscapeGizmo_Mat.uasset" 56
"../../../Engine/Content/EditorLandscapeResources/LandscapeGizmo_Mat_Copied.uasset" 57
"../../../Engine/Content/EditorLandscapeResources/SplineEditorMeshMat.uasset" 58
"../../../Engine/Content/EditorLandscapeResources/SplineEditorMesh.uasset" 59
"../../../Engine/Content/EditorMaterials/Cross.uasset" 60
"../../../Engine/Content/EditorMaterials/Cross_Mat.uasset" 61
"../../../Engine/Content/EditorResources/T_EditorHelp.uasset" 62
"../../../Engine/Content/Functions/Engine_MaterialFunctions02/Utility/Sign.uasset" 63
"../../../Engine/Content/Functions/Engine_MaterialFunctions02/Utility/Round.uasset" 64
"../../../Engine/Content/Functions/Engine_MaterialFunctions02/ExampleContent/Textures/DebugNumberPeriod.uasset" 65
"../../../Engine/Content/Functions/Engine_MaterialFunctions02/ExampleContent/DebugNumberStrip.uasset" 66
"../../../Engine/Content/EngineMaterials/DefaultDiffuse.uasset" 67
"../../../Engine/Content/Functions/Engine_MaterialFunctions01/Texturing/TextureCropping.uasset" 68
"../../../Engine/Content/Functions/Engine_MaterialFunctions01/Texturing/ComputeMipLevel.uasset" 69
"../../../Engine/Content/Functions/Engine_MaterialFunctions02/Utility/DebugScalarValues.uasset" 70
"../../../Engine/Content/Functions/Engine_MaterialFunctions02/Utility/DebugFloat2Values.uasset" 71
"../../../Engine/Content/Functions/Engine_MaterialFunctions02/ExampleContent/Textures/flipbook.uasset" 72
"../../../Engine/Content/Functions/Engine_MaterialFunctions02/Texturing/FlipBook.uasset" 73
"../../../Engine/Content/EditorMaterials/HelpActorMaterial.uasset" 74
"../../../Engine/Content/Functions/Engine_MaterialFunctions03/Procedurals/ComputeFilterWidth.uasset" 75
"../../../Engine/Content/EngineMaterials/BlendFunc_DefBlend.uasset" 76
"../../../Engine/Content/EngineMaterials/BlendFunc_DefBase.uasset" 77
"../../../Engine/Content/Functions/Engine_MaterialFunctions03/Blends/Blend_Screen.uasset" 78
"../../../Engine/Content/EditorMaterials/TilingAALineIntegral.uasset" 79
"../../../Engine/Content/EditorMaterials/TilingAALineBoxFiltered.uasset" 80
"../../../Engine/Content/EditorMaterials/TilingAAGrid.uasset" 81
"../../../Engine/Content/EditorMaterials/TilingAADots.uasset" 82
"../../../Engine/Content/EditorMaterials/CompositeARGBLayer.uasset" 83
"../../../Engine/Content/EditorMaterials/LevelGridMaterial.uasset" 84
"../../../Engine/Content/EditorResources/LevelGrid1DStripes.uasset" 85
"../../../Engine/Content/EditorMaterials/TextureGridCascaded1D.uasset" 86
"../../../Engine/Content/EditorMaterials/TextureGridCascaded2D.uasset" 87
"../../../Engine/Content/EditorMaterials/MakeCompositeARGBLayer.uasset" 88
"../../../Engine/Content/EditorMaterials/LevelGridMaterial2.uasset" 89
"../../../Engine/Content/EditorMaterials/MAT_Groups_Toggle.uasset" 90
"../../../Engine/Content/EditorMaterials/MAT_Groups_Visibility.uasset" 91
"../../../Engine/Content/EditorMaterials/PhAT_BoneSelectedMaterial.uasset" 92
"../../../Engine/Content/EditorMaterials/PhAT_ElemSelectedMaterial.uasset" 93
"../../../Engine/Content/EditorMaterials/PhAT_NoCollisionMaterial.uasset" 94
"../../../Engine/Content/EditorMaterials/PhAT_UnselectedMaterial.uasset" 95
"../../../Engine/Content/EditorMaterials/PreviewShadowIndicator.uasset" 96
"../../../Engine/Content/EditorMaterials/PreviewShadowIndicatorMaterial.uasset" 97
"../../../Engine/Content/EditorMaterials/TargetIcon.uasset" 98
"../../../Engine/Content/EditorMaterials/Tick.uasset" 99
"../../../Engine/Content/EditorMaterials/Tick_Mat.uasset" 100
"../../../Engine/Content/EditorMaterials/WidgetGridVertexColorMaterial.uasset" 101
"../../../Engine/Content/EditorMaterials/WidgetGridVertexColorMaterial_Ma.uasset" 102
"../../../Engine/Content/EditorMaterials/WidgetMaterial.uasset" 103
"../../../Engine/Content/EditorMaterials/WidgetMaterial_Current.uasset" 104
"../../../Engine/Content/EditorMaterials/WidgetMaterial_X.uasset" 105
"../../../Engine/Content/EditorMaterials/WidgetMaterial_Y.uasset" 106
"../../../Engine/Content/EditorMaterials/WidgetMaterial_Z.uasset" 107
"../../../Engine/Content/EditorMaterials/WidgetVertexColorMaterial.uasset" 108
"../../../Engine/Content/EditorMaterials/MatineeGroups/MAT_ColorTrack.uasset" 109
"../../../Engine/Content/EditorMaterials/MatineeGroups/MAT_Groups_Anim.uasset" 110
"../../../Engine/Content/EditorMaterials/MatineeGroups/MAT_Groups_AudioMaster.uasset" 111
"../../../Engine/Content/EditorMaterials/MatineeGroups/MAT_Groups_Director.uasset" 112
"../../../Engine/Content/EditorMaterials/MatineeGroups/MAT_Groups_Event.uasset" 113
"../../../Engine/Content/EditorMaterials/MatineeGroups/MAT_Groups_Fade.uasset" 114
"../../../Engine/Content/EditorMaterials/MatineeGroups/MAT_Groups_Float.uasset" 115
"../../../Engine/Content/EditorMaterials/MatineeGroups/MAT_Groups_Move.uasset" 116
"../../../Engine/Content/EditorMaterials/MatineeGroups/MAT_Groups_Slomo.uasset" 117
"../../../Engine/Content/EditorMaterials/MatineeGroups/MAT_Groups_Sound.uasset" 118
"../../../Engine/Content/EditorMaterials/MatineeGroups/MAT_Groups_Vector.uasset" 119
"../../../Engine/Content/EditorMaterials/ParticleSystems/PSysThumbnail_NoImage.uasset" 120
"../../../Engine/Content/EditorMaterials/ParticleSystems/PSysThumbnail_OOD.uasset" 121
"../../../Engine/Content/EngineMaterials/Grid.uasset" 122
"../../../Engine/Content/EditorMaterials/Thumbnails/FloorPlaneMaterial.uasset" 123
"../../../Engine/Content/EditorMeshes/EditorCube.uasset" 124
"../../../Engine/Content/EditorMeshes/EditorCylinder.uasset" 125
"../../../Engine/Content/EditorMeshes/EditorPlane.uasset" 126
"../../../Engine/Content/EditorMaterials/Thumbnails/SkySphereMaterial.uasset" 127
"../../../Engine/Content/EditorMeshes/EditorSkySphere.uasset" 128
"../../../Engine/Content/EditorMeshes/EditorSphere.uasset" 129
"../../../Engine/Content/EditorResources/MatineeCam_D.uasset" 130
"../../../Engine/Content/EditorMaterials/MatineeCam_mat.uasset" 131
"../../../Engine/Content/EditorMeshes/MatineeCam_SM.uasset" 132
"../../../Engine/Content/EditorMeshes/PlanarReflectionPlane.uasset" 133
"../../../Engine/Content/EngineDebugMaterials/M_SimpleOpaque.uasset" 134
"../../../Engine/Content/EditorMaterials/Camera/MI_CineMat_CamViewFinder.uasset" 135
"../../../Engine/Content/EditorMaterials/Camera/CineMat.uasset" 136
"../../../Engine/Content/EditorMaterials/Camera/MI_CineMat_CameraBody.uasset" 137
"../../../Engine/Content/EditorMeshes/Camera/SM_CineCam.uasset" 138
"../../../Engine/Content/EditorMaterials/Camera/MI_CineMat_Rig.uasset" 139
"../../../Engine/Content/EditorMeshes/Camera/SM_CraneRig_Arm.uasset" 140
"../../../Engine/Content/EditorMeshes/Camera/SM_CraneRig_Base.uasset" 141
"../../../Engine/Content/EditorMeshes/Camera/SM_CraneRig_Body.uasset" 142
"../../../Engine/Content/EditorMeshes/Camera/SM_CraneRig_Mount.uasset" 143
"../../../Engine/Content/EditorMeshes/Camera/SM_RailRig_Mount.uasset" 144
"../../../Engine/Content/EditorMeshes/Camera/SM_RailRig_Track.uasset" 145
"../../../Engine/Content/EditorMeshes/ColorCalibrator/M_ChromeBall.uasset" 146
"../../../Engine/Content/EditorResources/Bad.uasset" 147
"../../../Engine/Content/EditorResources/BSPVertex.uasset" 148
"../../../Engine/Content/EditorResources/EmptyActor.uasset" 149
"../../../Engine/Content/EditorResources/MatInstActSprite.uasset" 150
"../../../Engine/Content/EditorResources/SceneManager.uasset" 151
"../../../Engine/Content/EditorResources/SmallFont.uasset" 152
"../../../Engine/Content/EditorResources/S_Actor.uasset" 153
"../../../Engine/Content/EditorResources/S_CameraShakeSource.uasset" 154
"../../../Engine/Content/EditorResources/S_DecalActorIcon.uasset" 155
"../../../Engine/Content/EditorResources/S_Emitter.uasset" 156
"../../../Engine/Content/EditorResources/S_ExpoHeightFog.uasset" 157
"../../../Engine/Content/EditorResources/S_FTest.uasset" 158
"../../../Engine/Content/EditorResources/S_KBSJoint.uasset" 159
"../../../Engine/Content/EditorResources/S_KHinge.uasset" 160
"../../../Engine/Content/EditorResources/S_KPrismatic.uasset" 161
"../../../Engine/Content/EditorResources/S_LevelSequence.uasset" 162
"../../../Engine/Content/EditorResources/S_NavP.uasset" 163
"../../../Engine/Content/EditorResources/S_Note.uasset" 164
"../../../Engine/Content/EditorResources/S_Player.uasset" 165
"../../../Engine/Content/EditorResources/S_PortalActorIcon2.uasset" 166
"../../../Engine/Content/EditorResources/S_RadForce.uasset" 167
"../../../Engine/Content/EditorResources/S_ReflActorIcon.uasset" 168
"../../../Engine/Content/EditorResources/S_SkyAtmosphere.uasset" 169
"../../../Engine/Content/EditorResources/S_Solver.uasset" 170
"../../../Engine/Content/EditorResources/S_Terrain.uasset" 171
"../../../Engine/Content/EditorResources/S_TextRenderActorIcon.uasset" 172
"../../../Engine/Content/EditorResources/S_Thruster.uasset" 173
"../../../Engine/Content/EditorResources/S_Trigger.uasset" 174
"../../../Engine/Content/EditorResources/S_VectorFieldVol.uasset" 175
"../../../Engine/Content/EditorResources/S_VolumetricCloud.uasset" 176
"../../../Engine/Content/EditorResources/S_WindDirectional.uasset" 177
"../../../Engine/Content/EditorResources/AI/S_NavLink.uasset" 178
"../../../Engine/Content/EditorResources/AudioIcons/S_AudioComponent_AutoActivate.uasset" 179
"../../../Engine/Content/EditorResources/LightIcons/SkyLight.uasset" 180
"../../../Engine/Content/EditorResources/LightIcons/S_LightDirectional.uasset" 181
"../../../Engine/Content/EditorResources/LightIcons/S_LightDirectionalMove.uasset" 182
"../../../Engine/Content/EditorResources/LightIcons/S_LightError.uasset" 183
"../../../Engine/Content/EditorResources/LightIcons/S_LightPoint.uasset" 184
"../../../Engine/Content/EditorResources/LightIcons/S_LightPointMove.uasset" 185
"../../../Engine/Content/EditorResources/LightIcons/S_LightSpot.uasset" 186
"../../../Engine/Content/EditorResources/LightIcons/S_LightSpotMove.uasset" 187
"../../../Engine/Content/EditorResources/SequenceRecorder/Countdown.uasset" 188
"../../../Engine/Content/EditorResources/SequenceRecorder/RecordingIndicator.uasset" 189
"../../../Engine/Content/EditorResources/Spline/T_Loft_Spline.uasset" 190
"../../../Engine/Content/EditorSounds/Notifications/CompileSuccess.uasset" 191
"../../../Engine/Content/EditorSounds/Notifications/CompileStart_Cue.uasset" 192
"../../../Engine/Content/EditorSounds/Notifications/CompileSuccess_Cue.uasset" 193
"../../../Engine/Content/EngineDamageTypes/DmgTypeBP_Environmental.uasset" 194
"../../../Engine/Content/EngineDebugMaterials/HeatmapGradient.uasset" 195
"../../../Engine/Content/EngineDebugMaterials/BoneWeightMaterial.uasset" 196
"../../../Engine/Content/EngineDebugMaterials/ClothMaterial.uasset" 197
"../../../Engine/Content/EngineDebugMaterials/ClothMaterial_WF.uasset" 198
"../../../Engine/Content/EngineDebugMaterials/DebugEditorMaterial.uasset" 199
"../../../Engine/Content/EngineDebugMaterials/DebugMeshMaterial.uasset" 200
"../../../Engine/Content/EngineDebugMaterials/GeomMaterial.uasset" 201
"../../../Engine/Content/Functions/Engine_MaterialFunctions01/Shading/ConvertFromDiffSpec.uasset" 202
"../../../Engine/Content/EngineDebugMaterials/LevelColorationLitMaterial.uasset" 203
"../../../Engine/Content/EngineDebugMaterials/LevelColorationUnlitMaterial.uasset" 204
"../../../Engine/Content/EngineMaterials/DefaultWhiteGrid.uasset" 205
"../../../Engine/Content/EngineDebugMaterials/MAT_LevelColorationLitLightmapUV.uasset" 206
"../../../Engine/Content/EngineDebugMaterials/M_SimpleUnlitTranslucent.uasset" 207
"../../../Engine/Content/EngineDebugMaterials/VolumeToRender.uasset" 208
"../../../Engine/Content/Functions/Engine_MaterialFunctions02/Utility/CameraDirectionVector.uasset" 209
"../../../Engine/Content/EngineDebugMaterials/M_VolumeRenderSphereTracePP.uasset" 210
"../../../Engine/Content/EngineMaterials/DefaultWhiteGrid_Low.uasset" 211
"../../../Engine/Content/EngineDebugMaterials/PhysicalMaterialMaskMaterial.uasset" 212
"../../../Engine/Content/EngineDebugMaterials/ShadedLevelColorationLitMaterial.uasset" 213
"../../../Engine/Content/EngineDebugMaterials/ShadedLevelColorationUnlitMateri.uasset" 214
"../../../Engine/Content/EngineDebugMaterials/VertexColorMaterial.uasset" 215
"../../../Engine/Content/EngineDebugMaterials/VertexColorViewMode_AlphaAsColor.uasset" 216
"../../../Engine/Content/EngineDebugMaterials/VertexColorViewMode_BlueOnly.uasset" 217
"../../../Engine/Content/EngineDebugMaterials/VertexColorViewMode_ColorOnly.uasset" 218
"../../../Engine/Content/EngineDebugMaterials/VertexColorViewMode_GreenOnly.uasset" 219
"../../../Engine/Content/EngineDebugMaterials/VertexColorViewMode_RedOnly.uasset" 220
"../../../Engine/Content/EngineDebugMaterials/WireframeMaterial.uasset" 221
"../../../Engine/Content/EngineFonts/Faces/RobotoRegular.uasset" 222
"../../../Engine/Content/EngineFonts/Faces/RobotoLight.uasset" 223
"../../../Engine/Content/EngineFonts/Faces/RobotoItalic.uasset" 224
"../../../Engine/Content/EngineFonts/Faces/RobotoBoldItalic.uasset" 225
"../../../Engine/Content/EngineFonts/Faces/RobotoBold.uasset" 226
"../../../Engine/Content/EngineFonts/Faces/DroidSansFallback.uasset" 227
"../../../Engine/Content/EngineFonts/Roboto.uasset" 228
"../../../Engine/Content/EngineFonts/Faces/RobotoTiny.uasset" 229
"../../../Engine/Content/EngineFonts/RobotoTiny.uasset" 230
"../../../Engine/Content/EngineFonts/SmallFont.uasset" 231
"../../../Engine/Content/EngineFonts/TinyFont.uasset" 232
"../../../Engine/Content/EngineMaterials/BaseFlattenNormalMap.uasset" 233
"../../../Engine/Content/EngineMaterials/BaseFlattenGrayscaleMap.uasset" 234
"../../../Engine/Content/EngineMaterials/BaseFlattenEmissiveMap.uasset" 235
"../../../Engine/Content/EngineMaterials/BaseFlattenDiffuseMap.uasset" 236
"../../../Engine/Content/EngineMaterials/BaseFlattenMaterial.uasset" 237
"../../../Engine/Content/EngineResources/WhiteSquareTexture.uasset" 238
"../../../Engine/Content/EngineMaterials/BlinkingCaret.uasset" 239
"../../../Engine/Content/EngineMaterials/BlueNoise.uasset" 240
"../../../Engine/Content/EngineMaterials/DefaultBloomKernel.uasset" 241
"../../../Engine/Content/EngineMaterials/DefaultBokeh.uasset" 242
"../../../Engine/Content/EngineMaterials/DefaultDeferredDecalMaterial.uasset" 243
"../../../Engine/Content/EngineMaterials/DefaultLightFunctionMaterial.uasset" 244
"../../../Engine/Content/EngineMaterials/DefaultNormal.uasset" 245
"../../../Engine/Content/EngineMaterials/DefaultPostProcessMaterial.uasset" 246
"../../../Engine/Content/EngineFonts/RobotoDistanceField.uasset" 247
"../../../Engine/Content/EngineMaterials/DefaultTextMaterialOpaque.uasset" 248
"../../../Engine/Content/EngineMaterials/EditorBrushMaterial.uasset" 249
"../../../Engine/Content/EngineMaterials/EmissiveMeshMaterial.uasset" 250
"../../../Engine/Content/EngineMaterials/GizmoMaterial.uasset" 251
"../../../Engine/Content/EngineMaterials/Good64x64TilingNoiseHighFreq.uasset" 252
"../../../Engine/Content/EngineMaterials/Grid_N.uasset" 253
"../../../Engine/Content/EngineMaterials/HighResolutionScreenshotMaskFunction.uasset" 254
"../../../Engine/Content/EngineMaterials/HighResScreenshot.uasset" 255
"../../../Engine/Content/EngineMaterials/HighResScreenshotCaptureRegion.uasset" 256
"../../../Engine/Content/EngineMaterials/HighResScreenshotMask.uasset" 257
"../../../Engine/Content/EngineMaterials/LandscapeHolePhysicalMaterial.uasset" 258
"../../../Engine/Content/EngineMaterials/InvalidLightmapSettings.uasset" 259
"../../../Engine/Content/EngineMaterials/M_InvalidLightmapSettings.uasset" 260
"../../../Engine/Content/EngineMaterials/PaperDiffuse.uasset" 261
"../../../Engine/Content/EngineMaterials/PaperNormal.uasset" 262
"../../../Engine/Content/Functions/Engine_MaterialFunctions02/WorldPositionOffset/CameraOffset.uasset" 263
"../../../Engine/Content/EngineMaterials/PhAT_JointLimitMaterial.uasset" 264
"../../../Engine/Content/EngineMaterials/PhysMat_Rubber.uasset" 265
"../../../Engine/Content/EngineMaterials/PreintegratedSkinBRDF.uasset" 266
"../../../Engine/Content/EngineMaterials/RemoveSurfaceMaterial.uasset" 267
"../../../Engine/Content/Functions/Engine_MaterialFunctions01/ImageAdjustment/sRGBToLinear.uasset" 268
"../../../Engine/Content/Functions/Engine_MaterialFunctions02/Utility/BreakOutFloat3Components.uasset" 269
"../../../Engine/Content/EngineMaterials/Widget3DCameraPassThrough_Opaque_OneSided.uasset" 270
"../../../Engine/Content/EngineMaterials/Widget3DPassThrough.uasset" 271
"../../../Engine/Content/EngineMaterials/Widget3DPassThrough_Masked.uasset" 272
"../../../Engine/Content/EngineMaterials/Widget3DPassThrough_Opaque.uasset" 273
"../../../Engine/Content/EngineMaterials/Widget3DPassThrough_Masked_OneSided.uasset" 274
"../../../Engine/Content/EngineMaterials/Widget3DPassThrough_Opaque_OneSided.uasset" 275
"../../../Engine/Content/EngineMaterials/Widget3DPassThrough_Translucent.uasset" 276
"../../../Engine/Content/EngineMaterials/Widget3DPassThrough_Translucent_OneSided.uasset" 277
"../../../Engine/Content/EngineMeshes/Cylinder.uasset" 278
"../../../Engine/Content/EngineMeshes/Sphere.uasset" 279
"../../../Engine/Content/EngineResources/Black.uasset" 280
"../../../Engine/Content/EngineResources/DefaultTextureCube.uasset" 281
"../../../Engine/Content/EngineResources/DefaultVolumeTexture2D.uasset" 282
"../../../Engine/Content/EngineResources/DefaultVolumeTexture.uasset" 283
"../../../Engine/Content/EngineResources/GradientTexture0.uasset" 284
"../../../Engine/Content/EngineResources/StreamingPauseIcon.uasset" 285
"../../../Engine/Content/EngineResources/M_StreamingPause.uasset" 286
"../../../Engine/Content/EngineSky/VolumetricClouds/T_NoiseShape64.uasset" 287
"../../../Engine/Content/EngineSky/VolumetricClouds/T_VolumeNoiseShape64.uasset" 288
"../../../Engine/Content/EngineSky/VolumetricClouds/T_NoiseErosion.uasset" 289
"../../../Engine/Content/EngineSky/VolumetricClouds/T_VolumeNoiseErosion32.uasset" 290
"../../../Engine/Content/EngineSky/VolumetricClouds/CloudWeatherTexture.uasset" 291
"../../../Engine/Content/EngineSky/VolumetricClouds/CloudGradientTexture.uasset" 292
"../../../Engine/Content/EngineSky/VolumetricClouds/m_SimpleVolumetricCloud.uasset" 293
"../../../Engine/Content/EngineSky/VolumetricClouds/m_SimpleVolumetricCloud_Inst.uasset" 294
"../../../Engine/Content/EngineSounds/Master.uasset" 295
"../../../Engine/Content/Functions/Engine_MaterialFunctions01/Shading/PowerToRoughness.uasset" 296
"../../../Engine/Content/Maps/Templates/Thumbnails/Default.uasset" 297
"../../../Engine/Content/Maps/Templates/Thumbnails/TimeOfDay.uasset" 298
"../../../Engine/Content/Maps/Templates/Thumbnails/VR-Basic.uasset" 299
"../../../Engine/Content/MapTemplates/Sky/DaylightAmbientCubemap.uasset" 300
"../../../Engine/Content/MobileResources/T_MobileControls_texture.uasset" 301
"../../../Engine/Content/MobileResources/T_MobileMenu2.uasset" 302
"../../../Engine/Content/MobileResources/HUD/AnalogHat.uasset" 303
"../../../Engine/Content/MobileResources/HUD/VirtualJoystick_Thumb.uasset" 304
"../../../Engine/Content/MobileResources/HUD/VirtualJoystick_Background.uasset" 305
"../../../Engine/Content/MobileResources/HUD/DefaultVirtualJoysticks.uasset" 306
"../../../Engine/Content/MobileResources/HUD/LeftVirtualJoystickOnly.uasset" 307
"../../../Engine/Content/MobileResources/HUD/MobileHUDButton1_off.uasset" 308
"../../../Engine/Content/MobileResources/HUD/MobileHUDButton1_on.uasset" 309
"../../../Engine/Content/MobileResources/HUD/MobileHUDButton2_off.uasset" 310
"../../../Engine/Content/MobileResources/HUD/MobileHUDButton2_on.uasset" 311
"../../../Engine/Content/MobileResources/HUD/MobileHUDButton3.uasset" 312
"../../../Engine/Content/MobileResources/HUD/MobileHUDButtonFire.uasset" 313
"../../../Engine/Content/MobileResources/HUD/MobileHUDDirectionPad.uasset" 314
"../../../Engine/Content/MobileResources/HUD/MobileHUDDirectionPad2.uasset" 315
"../../../Engine/Content/MobileResources/HUD/MobileHUDDirectionPad3.uasset" 316
"../../../Engine/Content/MobileResources/HUD/MobileHUDDirectionStick.uasset" 317
"../../../Engine/Content/MobileResources/HUD/T_Castle_ThumbstickInner.uasset" 318
"../../../Engine/Content/MobileResources/HUD/T_Castle_ThumbstickOutter.uasset" 319
"../../../Engine/Content/Tutorial/ContentIntroCurve.uasset" 320
"../../../Engine/Content/Tutorial/Basics/LevelEditorAttract.uasset" 321
"../../../Engine/Content/Tutorial/Basics/TutorialAssets/icon_tab_Levels_40x.uasset" 322
"../../../Engine/Content/Tutorial/Basics/LevelEditorOverview.uasset" 323
"../../../Engine/Content/Tutorial/BlueprintTutorials/TutorialAssets/Blueprint_64x.uasset" 324
"../../../Engine/Content/Tutorial/BlueprintTutorials/BlueprintEditorTutorial.uasset" 325
"../../../Engine/Content/Tutorial/BlueprintTutorials/LevelBlueprintEditorOverview.uasset" 326
"../../../Engine/Content/Tutorial/BlueprintTutorials/TutorialAssets/Tutorial_BP_MacroLib.uasset" 327
"../../../Engine/Content/VREditor/TransformGizmo/TranslucentTransformGizmoMaterial.uasset" 328
"../../../Engine/Content/VREditor/LaserPointer/VR_LaserPower_01.uasset" 329
"../../../Engine/Content/VREditor/TransformGizmo/TransformGizmoMaterial.uasset" 330
"../../../Engine/Content/VREditor/TransformGizmo/BoundingBoxCorner.uasset" 331
"../../../Engine/Content/VREditor/TransformGizmo/BoundingBoxEdge.uasset" 332
"../../../Engine/Content/VREditor/TransformGizmo/PlaneTranslationHandle.uasset" 333
"../../../Engine/Content/VREditor/TransformGizmo/Xray.uasset" 334
"../../../Engine/Content/VREditor/TransformGizmo/Main.uasset" 335
"../../../Engine/Content/VREditor/TransformGizmo/SM_Sequencer_Key.uasset" 336
"../../../Engine/Content/VREditor/TransformGizmo/SM_Sequencer_Node.uasset" 337
"../../../../../../Desktop/RPG_prototype_sparkin/Content/Geometry/Meshes/CubeMaterial.uasset" 338
"../../../../../../Desktop/RPG_prototype_sparkin/Content/Geometry/Meshes/1M_Cube.uasset" 339
"../../../../../../Desktop/RPG_prototype_sparkin/Content/RPG/UI/Cursors/attack_cursor.uasset" 340
"../../../../../../Desktop/RPG_prototype_sparkin/Content/RPG/UI/Widgets/Attack_mouse_Cursor.uasset" 341
"../../../../../../Desktop/RPG_prototype_sparkin/Content/RPG/UI/Cursors/walk_cursor.uasset" 342
"../../../../../../Desktop/RPG_prototype_sparkin/Content/RPG/UI/Widgets/Default_mouse_Cursor.uasset" 343
"../../../../../../Desktop/RPG_prototype_sparkin/Content/StarterContent/Audio/Starter_Birds01.uasset" 344
"../../../../../../Desktop/RPG_prototype_sparkin/Content/StarterContent/Audio/Starter_Wind05.uasset" 345
"../../../../../../Desktop/RPG_prototype_sparkin/Content/StarterContent/Audio/Starter_Wind06.uasset" 346
"../../Plugins/2D/Paper2D/Content/PlaceholderTextures/DummySpriteTexture.uasset" 347
"../../Plugins/2D/Paper2D/Content/DummySprite.uasset" 348
"../../Plugins/2D/Paper2D/Content/DefaultPaperTerrainMaterial.uasset" 349
"../../Plugins/2D/Paper2D/Content/DefaultSpriteMaterial.uasset" 350
"../../Plugins/2D/Paper2D/Content/MaskedUnlitSpriteMaterial.uasset" 351
"../../Plugins/2D/Paper2D/Content/OpaqueUnlitSpriteMaterial.uasset" 352
"../../Plugins/Editor/SpeedTreeImporter/Content/SpeedTree9/SpeedTreeBillboard.uasset" 353
"../../Plugins/Editor/SpeedTreeImporter/Content/SpeedTree9/game_wind_noise.uasset" 354
"../../Plugins/Editor/SpeedTreeImporter/Content/SpeedTree9/UnpackInteger3.uasset" 355
"../../Plugins/Editor/SpeedTreeImporter/Content/SpeedTree9/UnpackDirection.uasset" 356
"../../../Engine/Content/Functions/Engine_MaterialFunctions02/SafeNormalize.uasset" 357
"../../Plugins/Editor/SpeedTreeImporter/Content/SpeedTree9/SpeedTreeWindMotion.uasset" 358
"../../Plugins/Editor/SpeedTreeImporter/Content/SpeedTree9/SpeedTreeBranchMotion.uasset" 359
"../../../Engine/Content/Functions/Engine_MaterialFunctions02/ObjectLocalBounds.uasset" 360
"../../../Engine/Content/Functions/Engine_MaterialFunctions02/UVs/BoundingBoxBased_0-1_UVW.uasset" 361
"../../Plugins/Editor/SpeedTreeImporter/Content/SpeedTree9/SpeedTreeWind.uasset" 362
"../../../Engine/Content/EngineResources/DefaultTexture.uasset" 363
"../../Plugins/Editor/SpeedTreeImporter/Content/SpeedTree9/SpeedTreeBillboardMaster.uasset" 364
"../../Plugins/Editor/SpeedTreeImporter/Content/SpeedTree9/SpeedTreeCameraFacing.uasset" 365
"../../Plugins/Editor/SpeedTreeImporter/Content/SpeedTree9/SpeedTreeMaster.uasset" 366
"../../Plugins/FX/Niagara/Content/Enums/ENiagaraAnimTrailWidthMode.uasset" 367
"../../Plugins/FX/Niagara/Content/Enums/ENiagaraArraySamplingMode.uasset" 368
"../../Plugins/FX/Niagara/Content/Enums/ENiagaraBoneSamplingMode.uasset" 369
"../../Plugins/FX/Niagara/Content/Enums/ENiagaraBoneSocketSamplingMode.uasset" 370
"../../Plugins/FX/Niagara/Content/Enums/ENiagaraBooleanLogicOps.uasset" 371
"../../Plugins/FX/Niagara/Content/Enums/ENiagaraBooleanLogicOps_v2.uasset" 372
"../../Plugins/FX/Niagara/Content/Enums/ENiagaraCalculateRadiusOptions.uasset" 373
"../../Plugins/FX/Niagara/Content/Enums/ENiagaraChannelCorrelation.uasset" 374
"../../Plugins/FX/Niagara/Content/Enums/ENiagaraCollisionRadiusOptions.uasset" 375
"../../Plugins/FX/Niagara/Content/Enums/ENiagaraCoordinateSpace.uasset" 376
"../../Plugins/FX/Niagara/Content/Enums/ENiagaraCurlNoiseQuality.uasset" 377
"../../Plugins/FX/Niagara/Content/Enums/ENiagaraEmitterLifeCycleMode.uasset" 378
"../../Plugins/FX/Niagara/Content/Enums/ENiagaraEmitterScalabilityMode.uasset" 379
"../../Plugins/FX/Niagara/Content/Enums/ENiagaraEmitterScalabilityMode_Limited.uasset" 380
"../../Plugins/FX/Niagara/Content/Enums/ENiagaraExecutionStateManagement.uasset" 381
"../../Plugins/FX/Niagara/Content/Enums/ENiagaraExpansionMode.uasset" 382
"../../Plugins/FX/Niagara/Content/Enums/ENiagaraFrictionMergeType.uasset" 383
"../../Plugins/FX/Niagara/Content/Enums/ENiagaraGPUDepthResponseType.uasset" 384
"../../Plugins/FX/Niagara/Content/Enums/ENiagaraGridPlacementType.uasset" 385
"../../Plugins/FX/Niagara/Content/Enums/ENiagaraInactiveMode.uasset" 386
"../../Plugins/FX/Niagara/Content/Enums/ENiagaraKillVolumeOptions.uasset" 387
"../../Plugins/FX/Niagara/Content/Enums/ENiagaraLinearColor_Channels.uasset" 388
"../../Plugins/FX/Niagara/Content/Enums/ENiagaraMassByVolume.uasset" 389
"../../Plugins/FX/Niagara/Content/Enums/ENiagaraMassCalculationForRendererTypes.uasset" 390
"../../Plugins/FX/Niagara/Content/Enums/ENiagaraMeshOrSprite.uasset" 391
"../../Plugins/FX/Niagara/Content/Enums/ENiagaraMeshSamplingMode.uasset" 392
"../../Plugins/FX/Niagara/Content/Enums/ENiagaraMeshSurfaceSamplingMode.uasset" 393
"../../Plugins/FX/Niagara/Content/Enums/ENiagaraMeshTransforms.uasset" 394
"../../Plugins/FX/Niagara/Content/Enums/ENiagaraMinOrMax.uasset" 395
"../../Plugins/FX/Niagara/Content/Enums/ENiagaraNumericVariableTypes.uasset" 396
"../../Plugins/FX/Niagara/Content/Enums/ENiagaraOrientationAxis.uasset" 397
"../../Plugins/FX/Niagara/Content/Enums/ENiagaraQuaternionDerivationTechnique.uasset" 398
"../../Plugins/FX/Niagara/Content/Enums/ENiagaraRandomnessEvaluation.uasset" 399
"../../Plugins/FX/Niagara/Content/Enums/ENiagaraRandomnessMode.uasset" 400
"../../Plugins/FX/Niagara/Content/Enums/ENiagaraRestitutionMergeType.uasset" 401
"../../Plugins/FX/Niagara/Content/Enums/ENiagaraScaleColorMode.uasset" 402
"../../Plugins/FX/Niagara/Content/Enums/ENiagaraSimulationTarget.uasset" 403
"../../Plugins/FX/Niagara/Content/Enums/ENiagaraSkeletalSpawning.uasset" 404
"../../Plugins/FX/Niagara/Content/Enums/ENiagaraSkelSamplingFilteringMode.uasset" 405
"../../Plugins/FX/Niagara/Content/Enums/ENiagaraSkelSamplingModeFull.uasset" 406
"../../Plugins/FX/Niagara/Content/Enums/ENiagaraSocketSamplingMode.uasset" 407
"../../Plugins/FX/Niagara/Content/Enums/ENiagaraSphereDistributionMode.uasset" 408
"../../Plugins/FX/Niagara/Content/Enums/ENiagaraSUbUVAnimationMode.uasset" 409
"../../Plugins/FX/Niagara/Content/Enums/ENiagaraSystemInactiveMode.uasset" 410
"../../Plugins/FX/Niagara/Content/Enums/ENiagaraTorusDistributionMode.uasset" 411
"../../Plugins/FX/Niagara/Content/Enums/ENiagaraTorusMode.uasset" 412
"../../Plugins/FX/Niagara/Content/Enums/ENiagaraTriangleSamplingMode.uasset" 413
"../../Plugins/FX/Niagara/Content/Enums/ENiagaraVector2_Channels.uasset" 414
"../../Plugins/FX/Niagara/Content/Enums/ENiagaraVector3_Channels.uasset" 415
"../../Plugins/FX/Niagara/Content/Enums/ENiagaraVector4_Channels.uasset" 416
"../../Plugins/FX/Niagara/Content/Enums/ENiagaraVertexFilteringMode.uasset" 417
"../../Plugins/FX/Niagara/Content/Enums/ENiagaraVertexSamplingMode.uasset" 418
"../../Plugins/FX/Niagara/Content/Enums/ENiagara_AudioParamType.uasset" 419
"../../Plugins/FX/Niagara/Content/Enums/ENiagara_BankOnTurns.uasset" 420
"../../Plugins/FX/Niagara/Content/Enums/ENiagara_CameraMeshOrientation.uasset" 421
"../../Plugins/FX/Niagara/Content/Enums/ENiagara_CameraProperties.uasset" 422
"../../Plugins/FX/Niagara/Content/Enums/ENiagara_CollisionType.uasset" 423
"../../Plugins/FX/Niagara/Content/Enums/ENiagara_ColorInitializationMode.uasset" 424
"../../Plugins/FX/Niagara/Content/Enums/ENiagara_CPUCollisionType.uasset" 425
"../../Plugins/FX/Niagara/Content/Enums/ENiagara_DirectReadApplicationMode.uasset" 426
"../../Plugins/FX/Niagara/Content/Enums/ENiagara_DirectReadParticleIDSampling.uasset" 427
"../../Plugins/FX/Niagara/Content/Enums/ENiagara_DirectReadSamplingMode.uasset" 428
"../../Plugins/FX/Niagara/Content/Enums/ENiagara_EmitterLocSamplingMode.uasset" 429
"../../Plugins/FX/Niagara/Content/Enums/ENiagara_EmitterStateOptions.uasset" 430
"../../Plugins/FX/Niagara/Content/Enums/ENiagara_FadeOperationType.uasset" 431
"../../Plugins/FX/Niagara/Content/Enums/ENiagara_Float4Channel.uasset" 432
"../../Plugins/FX/Niagara/Content/Enums/ENiagara_GPUCollisionType.uasset" 433
"../../Plugins/FX/Niagara/Content/Enums/ENiagara_IDAttributes.uasset" 434
"../../Plugins/FX/Niagara/Content/Enums/ENiagara_InfiniteLoopDuration.uasset" 435
"../../Plugins/FX/Niagara/Content/Enums/ENiagara_LifetimeInheritanceOptions.uasset" 436
"../../Plugins/FX/Niagara/Content/Enums/ENiagara_LifetimeMode.uasset" 437
"../../Plugins/FX/Niagara/Content/Enums/ENiagara_MassInitializationMode.uasset" 438
"../../Plugins/FX/Niagara/Content/Enums/ENiagara_MultipleLerpCount.uasset" 439
"../../Plugins/FX/Niagara/Content/Enums/ENiagara_PositionInitializationMode.uasset" 440
"../../Plugins/FX/Niagara/Content/Enums/ENiagara_RotationDefinitionApproach.uasset" 441
"../../Plugins/FX/Niagara/Content/Enums/ENiagara_SizeScaleMode.uasset" 442
"../../Plugins/FX/Niagara/Content/Enums/ENiagara_SpawnBurstMode.uasset" 443
"../../Plugins/FX/Niagara/Content/Enums/ENiagara_SpriteRotationMode.uasset" 444
"../../Plugins/FX/Niagara/Content/Enums/ENiagara_SubUVLookupMode.uasset" 445
"../../Plugins/FX/Niagara/Content/Enums/ENiagara_TransformBaseOptions.uasset" 446
"../../Plugins/FX/Niagara/Content/Enums/ENiagara_TransformMode.uasset" 447
"../../Plugins/FX/Niagara/Content/Enums/ENiagara_TransformOrientationMode.uasset" 448
"../../Plugins/FX/Niagara/Content/Enums/ENiagara_UVFlippingMode.uasset" 449
"../../Plugins/FX/Niagara/Content/Enums/Niagara_Units.uasset" 450
"../../Plugins/FX/Niagara/Content/Enums/CascadeConversion/ECascadeNiagaraOrbitChainMode.uasset" 451
"../../Plugins/FX/Niagara/Content/Enums/CascadeConversion/ECascadeNiagaraTwoVectorChannels.uasset" 452
"../../Plugins/FX/Niagara/Content/Icons/S_ParticleSystem.uasset" 453
"../../../Engine/Content/BasicShapes/Cylinder.uasset" 454
"../../../Engine/Content/ArtTools/RenderToTexture/Materials/Debug/M_Emissive_Color.uasset" 455
"../../Plugins/Lumin/MagicLeapPassableWorld/Content/MagicLeapARPinInfoActor.uasset" 456
"../../../Engine/Content/Functions/Engine_MaterialFunctions02/Utility/BreakOutFloat4Components.uasset" 457
"../../Plugins/Runtime/Oculus/OculusVR/Content/Materials/OculusMR_ChromaKey.uasset" 458
"../../Plugins/Runtime/Oculus/OculusVR/Content/Materials/OculusMR_OpaqueColoredMaterial.uasset" 459
"../../Plugins/Runtime/Oculus/OculusVR/Content/Materials/PokeAHoleMaterial.uasset" 460
"../../../Engine/Content/Maps/Entry_BuiltData.uasset" 461
"../../../Engine/Content/Maps/Entry.umap" 462
"../../../../../../Desktop/RPG_prototype_sparkin/Content/RPG/Blueprints/MainMenu/MainMenuAssests/720Normal.uasset" 463
"../../../../../../Desktop/RPG_prototype_sparkin/Content/RPG/Blueprints/MainMenu/MainMenuAssests/640Normal.uasset" 464
"../../../../../../Desktop/RPG_prototype_sparkin/Content/RPG/Blueprints/MainMenu/MainMenuAssests/1080normal.uasset" 465
"../../../../../../Desktop/RPG_prototype_sparkin/Content/StarterContent/Audio/Explosion01.uasset" 466
"../../../../../../Desktop/RPG_prototype_sparkin/Content/RPG/Blueprints/MainMenu/MainMenuAssests/MainMenuNormal.uasset" 467
"../../../../../../Desktop/RPG_prototype_sparkin/Content/Movies/MainMEnuMedia.uasset" 468
"../../../../../../Desktop/RPG_prototype_sparkin/Content/Movies/MainMEnuMedia_Video.uasset" 469
"../../../../../../Desktop/RPG_prototype_sparkin/Content/Main_menu_BGANIM/TextStartGame.uasset" 470
"../../../../../../Desktop/RPG_prototype_sparkin/Content/Main_menu_BGANIM/TextQuitGame.uasset" 471
"../../../../../../Desktop/RPG_prototype_sparkin/Content/Main_menu_BGANIM/TextOPTION.uasset" 472
"../../../../../../Desktop/RPG_prototype_sparkin/Content/Main_menu_BGANIM/TextMainMENUNEW.uasset" 473
"../../../../../../Desktop/RPG_prototype_sparkin/Content/Movies/SparkinPoster1.uasset" 474
"../../../../../../Desktop/RPG_prototype_sparkin/Content/RPG/Blueprints/MainMenu/MainMenuWidget.uasset" 475
"../../../../../../Desktop/RPG_prototype_sparkin/Content/Maps/MAINMENUPrototypeLVL1.umap" 476
"../../../../../../Desktop/RPG_prototype_sparkin/Content/New_objects/Bridge3/Material.uasset" 477
"../../../../../../Desktop/RPG_prototype_sparkin/Content/New_objects/Bridge3/uploads_files_2766575_woodbridge1.uasset" 478
"../../../../../../Desktop/RPG_prototype_sparkin/Content/StarterContent/Textures/T_Wood_Floor_Walnut_N.uasset" 479
"../../../../../../Desktop/RPG_prototype_sparkin/Content/StarterContent/Textures/T_Wood_Floor_Walnut_M.uasset" 480
"../../../../../../Desktop/RPG_prototype_sparkin/Content/StarterContent/Textures/T_Wood_Floor_Walnut_D.uasset" 481
"../../../../../../Desktop/RPG_prototype_sparkin/Content/StarterContent/Textures/T_Perlin_Noise_M.uasset" 482
"../../../../../../Desktop/RPG_prototype_sparkin/Content/StarterContent/Materials/M_Wood_Floor_Walnut_Polished.uasset" 483
"../../../../../../Desktop/RPG_prototype_sparkin/Content/Zombie/Idle__1__Skeleton.uasset" 484
"../../../../../../Desktop/RPG_prototype_sparkin/Content/Zombie/Idle__1__PhysicsAsset.uasset" 485
"../../../../../../Desktop/RPG_prototype_sparkin/Content/Zombie/Jill_HiMidRes_specular.uasset" 486
"../../../../../../Desktop/RPG_prototype_sparkin/Content/Zombie/Jill_HiMidRes_normal.uasset" 487
"../../../../../../Desktop/RPG_prototype_sparkin/Content/Zombie/Jill_HiMidRes_diffuse.uasset" 488
"../../../../../../Desktop/RPG_prototype_sparkin/Content/Zombie/Jill_HiMidRes_Teeth_MAT.uasset" 489
"../../../../../../Desktop/RPG_prototype_sparkin/Content/Zombie/Jill_HiMidRes_Hair_MAT.uasset" 490
"../../../../../../Desktop/RPG_prototype_sparkin/Content/Zombie/Jill_HiMidRes_Gown_MAT.uasset" 491
"../../../../../../Desktop/RPG_prototype_sparkin/Content/Zombie/Jill_HiMidRes_EyeSpec_MAT.uasset" 492
"../../../../../../Desktop/RPG_prototype_sparkin/Content/Zombie/Jill_HiMidRes_Eyes_MAT.uasset" 493
"../../../../../../Desktop/RPG_prototype_sparkin/Content/Zombie/Jill_HiMidRes_Body_MAT.uasset" 494
"../../../../../../Desktop/RPG_prototype_sparkin/Content/Zombie/Idle__1_.uasset" 495
"../../../../../../Desktop/RPG_prototype_sparkin/Content/StarterContent/Textures/T_Rock_Sandstone_N.uasset" 496
"../../../../../../Desktop/RPG_prototype_sparkin/Content/StarterContent/Textures/T_Rock_Sandstone_D.uasset" 497
"../../../../../../Desktop/RPG_prototype_sparkin/Content/StarterContent/Textures/T_MacroVariation.uasset" 498
"../../../../../../Desktop/RPG_prototype_sparkin/Content/StarterContent/Audio/Starter_Background_Cue.uasset" 499
"../../../../../../Desktop/RPG_prototype_sparkin/Content/MC/Idle_Skeleton.uasset" 500
"../../../../../../Desktop/RPG_prototype_sparkin/Content/MC/Idle_PhysicsAsset.uasset" 501
"../../../../../../Desktop/RPG_prototype_sparkin/Content/MC/Ch44_1001_Specular.uasset" 502
"../../../../../../Desktop/RPG_prototype_sparkin/Content/MC/Ch44_1001_Normal.uasset" 503
"../../../../../../Desktop/RPG_prototype_sparkin/Content/MC/Ch44_1001_Glossiness.uasset" 504
"../../../../../../Desktop/RPG_prototype_sparkin/Content/MC/Ch44_1001_Emissive.uasset" 505
"../../../../../../Desktop/RPG_prototype_sparkin/Content/MC/Ch44_1001_Diffuse.uasset" 506
"../../../../../../Desktop/RPG_prototype_sparkin/Content/MC/Ch44_body1.uasset" 507
"../../../../../../Desktop/RPG_prototype_sparkin/Content/MC/Ch44_1002_Specular.uasset" 508
"../../../../../../Desktop/RPG_prototype_sparkin/Content/MC/Ch44_1002_Normal.uasset" 509
"../../../../../../Desktop/RPG_prototype_sparkin/Content/MC/Ch44_1002_Glossiness.uasset" 510
"../../../../../../Desktop/RPG_prototype_sparkin/Content/MC/Ch44_1002_Emissive.uasset" 511
"../../../../../../Desktop/RPG_prototype_sparkin/Content/MC/Ch44_1002_Diffuse.uasset" 512
"../../../../../../Desktop/RPG_prototype_sparkin/Content/MC/Ch44_Body.uasset" 513
"../../../../../../Desktop/RPG_prototype_sparkin/Content/MC/Idle.uasset" 514
"../../../../../../Desktop/RPG_prototype_sparkin/Content/OutlineEffect/MF_SampleSceneTextureNeighbourUVs.uasset" 515
"../../../../../../Desktop/RPG_prototype_sparkin/Content/OutlineEffect/MF_ExtractDepth.uasset" 516
"../../../Engine/Content/Functions/Engine_MaterialFunctions02/SplitComponents.uasset" 517
"../../../../../../Desktop/RPG_prototype_sparkin/Content/OutlineEffect/MF_ConvolveTexture.uasset" 518
"../../../../../../Desktop/RPG_prototype_sparkin/Content/OutlineEffect/PP_Outliner_M.uasset" 519
"../../../../../../Desktop/RPG_prototype_sparkin/Content/OutlineEffect/PP_Outliner_Inst.uasset" 520
"../../../../../../Desktop/RPG_prototype_sparkin/Content/StarterContent/Materials/M_Rock_Sandstone.uasset" 521
"../../../../../../Desktop/RPG_prototype_sparkin/Content/Zombie/Zombie1BP.uasset" 522
"../../../../../../Desktop/RPG_prototype_sparkin/Content/Shkhandi/knight_d_pelegrini_PhysicsAsset.uasset" 523
"../../../../../../Desktop/RPG_prototype_sparkin/Content/Shkhandi/Knight_diffuse.uasset" 524
"../../../../../../Desktop/RPG_prototype_sparkin/Content/Shkhandi/Knight_specular.uasset" 525
"../../../../../../Desktop/RPG_prototype_sparkin/Content/Shkhandi/Knight_normal.uasset" 526
"../../../../../../Desktop/RPG_prototype_sparkin/Content/Shkhandi/Knight_MAT.uasset" 527
"../../../../../../Desktop/RPG_prototype_sparkin/Content/Shkhandi/knight_d_pelegrini_Skeleton.uasset" 528
"../../../../../../Desktop/RPG_prototype_sparkin/Content/Shkhandi/knight_d_pelegrini.uasset" 529
"../../../Engine/Content/Animation/DefaultAnimCurveCompressionSettings.uasset" 530
"../../../Engine/Content/Animation/DefaultAnimBoneCompressionSettings.uasset" 531
"../../../../../../Desktop/RPG_prototype_sparkin/Content/Shkhandi/Idle__2_.uasset" 532
"../../../../../../Desktop/RPG_prototype_sparkin/Content/Shkhandi/Running.uasset" 533
"../../../../../../Desktop/RPG_prototype_sparkin/Content/Shkhandi/Shikhandi_Idle.uasset" 534
"../../../../../../Desktop/RPG_prototype_sparkin/Content/Shkhandi/ShikhandiAnimBP.uasset" 535
"../../../../../../Desktop/RPG_prototype_sparkin/Content/RPG/Blueprints/Enums/E_DamageTypes.uasset" 536
"../../../../../../Desktop/RPG_prototype_sparkin/Content/RPG/Blueprints/Enums/e_Stats.uasset" 537
"../../../../../../Desktop/RPG_prototype_sparkin/Content/RPG/Blueprints/Interfaces/I_Damageable.uasset" 538
"../../../../../../Desktop/RPG_prototype_sparkin/Content/StarterContent/Materials/M_Basic_Wall.uasset" 539
"../../../../../../Desktop/RPG_prototype_sparkin/Content/StarterContent/Shapes/Shape_Sphere.uasset" 540
"../../../../../../Desktop/RPG_prototype_sparkin/Content/RPG/UI/Textures/EnemyBarFill.uasset" 541
"../../../../../../Desktop/RPG_prototype_sparkin/Content/RPG/UI/Textures/EnemyBarDef.uasset" 542
"../../../../../../Desktop/RPG_prototype_sparkin/Content/RPG/UI/Widgets/W_EnemyHealth.uasset" 543
"../../../../../../Desktop/RPG_prototype_sparkin/Content/RPG/Characters/Enemies/Ratkin/Ratkin_Slave_LOD_PhysicsAsset.uasset" 544
"../../../../../../Desktop/RPG_prototype_sparkin/Content/RPG/Characters/Enemies/Ratkin/Textures/Ratkin_Pick_normals.uasset" 545
"../../../../../../Desktop/RPG_prototype_sparkin/Content/RPG/Characters/Enemies/Ratkin/Textures/Ratkin_Pick_color.uasset" 546
"../../../../../../Desktop/RPG_prototype_sparkin/Content/RPG/Characters/Enemies/Ratkin/Materials/MAT_ratkinWeapon.uasset" 547
"../../../../../../Desktop/RPG_prototype_sparkin/Content/RPG/Characters/Enemies/Ratkin/Textures/Ratkin_body_normals.uasset" 548
"../../../../../../Desktop/RPG_prototype_sparkin/Content/RPG/Characters/Enemies/Ratkin/Textures/Ratkin_body_color_C.uasset" 549
"../../../../../../Desktop/RPG_prototype_sparkin/Content/RPG/Characters/Enemies/Ratkin/Materials/MAT_RatkinBody.uasset" 550
"../../../../../../Desktop/RPG_prototype_sparkin/Content/RPG/Characters/Enemies/Ratkin/Ratkin_Slave_LOD_Skeleton.uasset" 551
"../../../../../../Desktop/RPG_prototype_sparkin/Content/RPG/Characters/Enemies/Ratkin/Ratkin_Slave_LOD.uasset" 552
"../../../../../../Desktop/RPG_prototype_sparkin/Content/RPG/Characters/AI/Behavior_AI/BTask_BeginAttack.uasset" 553
"../../../../../../Desktop/RPG_prototype_sparkin/Content/RPG/Characters/AI/Behavior_AI/BTask_FindReachablePoint.uasset" 554
"../../../../../../Desktop/RPG_prototype_sparkin/Content/RPG/Characters/AI/Behavior_AI/BTask_DistanceCheck.uasset" 555
"../../../../../../Desktop/RPG_prototype_sparkin/Content/RPG/Characters/AI/Behavior_AI/Behavior_AI_Blackboard.uasset" 556
"../../../../../../Desktop/RPG_prototype_sparkin/Content/RPG/Characters/AI/Behavior_AI/BT_Behavior_AI.uasset" 557
"../../../../../../Desktop/RPG_prototype_sparkin/Content/RPG/Characters/Enemies/Ratkin/Animations/A_ratkin_attack7.uasset" 558
"../../../../../../Desktop/RPG_prototype_sparkin/Content/RPG/Characters/Enemies/Ratkin/AM_ratkin_attack7.uasset" 559
"../../../../../../Desktop/RPG_prototype_sparkin/Content/RPG/Characters/Enemies/Ratkin/Animations/A_ratkin_attack6.uasset" 560
"../../../../../../Desktop/RPG_prototype_sparkin/Content/RPG/Characters/Enemies/Ratkin/AM_ratkin_attack6.uasset" 561
"../../../../../../Desktop/RPG_prototype_sparkin/Content/RPG/Characters/Enemies/Ratkin/Animations/A_ratkin_attack5.uasset" 562
"../../../../../../Desktop/RPG_prototype_sparkin/Content/RPG/Characters/Enemies/Ratkin/AM_ratkin_attack5.uasset" 563
"../../../../../../Desktop/RPG_prototype_sparkin/Content/RPG/Characters/Enemies/Ratkin/Animations/A_ratkin_attack4.uasset" 564
"../../../../../../Desktop/RPG_prototype_sparkin/Content/RPG/Characters/Enemies/Ratkin/AM_ratkin_attack4.uasset" 565
"../../../../../../Desktop/RPG_prototype_sparkin/Content/RPG/UI/Textures/icon_64x64_Frame_7.uasset" 566
"../../../Engine/Content/Functions/Engine_MaterialFunctions02/Utility/VectorToRadialValue.uasset" 567
"../../../../../../Desktop/RPG_prototype_sparkin/Content/RPG/UI/Materials/MAT_Radial_cooldown.uasset" 568
"../../../../../../Desktop/RPG_prototype_sparkin/Content/RPG/UI/Materials/MAT_Radial_cooldown_Inst.uasset" 569
"../../../../../../Desktop/RPG_prototype_sparkin/Content/RPG/UI/Textures/Spells/icon_64x64_40.uasset" 570
"../../../../../../Desktop/RPG_prototype_sparkin/Content/RPG/Blueprints/Enums/E_TargetTypes.uasset" 571
"../../../../../../Desktop/RPG_prototype_sparkin/Content/RPG/Blueprints/Structures/s_SkillInfo.uasset" 572
"../../../../../../Desktop/RPG_prototype_sparkin/Content/RPG/Blueprints/SkillActors/Master_Skill.uasset" 573
"../../../../../../Desktop/RPG_prototype_sparkin/Content/RPG/Blueprints/Structures/s_SkillStage.uasset" 574
"../../../../../../Desktop/RPG_prototype_sparkin/Content/RPG/UI/Widgets/W_skillHotKey.uasset" 575
"../../../../../../Desktop/RPG_prototype_sparkin/Content/RPG/UI/Widgets/W_HotKeyRow.uasset" 576
"../../../../../../Desktop/RPG_prototype_sparkin/Content/RPG/UI/Textures/ProgressBarDef.uasset" 577
"../../../../../../Desktop/RPG_prototype_sparkin/Content/RPG/UI/Textures/ProgressBarFill.uasset" 578
"../../../../../../Desktop/RPG_prototype_sparkin/Content/RPG/UI/Materials/MAT_ProgressBAr_fill.uasset" 579
"../../../../../../Desktop/RPG_prototype_sparkin/Content/RPG/UI/Materials/MI_ProgressFill.uasset" 580
"../../../../../../Desktop/RPG_prototype_sparkin/Content/RPG/UI/Widgets/W_StatBar.uasset" 581
"../../../../../../Desktop/RPG_prototype_sparkin/Content/RPG/UI/Widgets/W_Main.uasset" 582
"../../../../../../Desktop/RPG_prototype_sparkin/Content/RPG/Characters/Enemies/Ratkin/Animations/A_ratkin_attack3.uasset" 583
"../../../../../../Desktop/RPG_prototype_sparkin/Content/RPG/Characters/Enemies/Ratkin/AM_ratkin_attack3.uasset" 584
"../../../../../../Desktop/RPG_prototype_sparkin/Content/RPG/Characters/Enemies/Ratkin/Animations/A_ratkin_attack2.uasset" 585
"../../../../../../Desktop/RPG_prototype_sparkin/Content/RPG/Characters/Enemies/Ratkin/AM_ratkin_attack2.uasset" 586
"../../../../../../Desktop/RPG_prototype_sparkin/Content/RPG/Characters/Enemies/Ratkin/Animations/A_ratkin_attack1.uasset" 587
"../../../../../../Desktop/RPG_prototype_sparkin/Content/RPG/Characters/Enemies/Ratkin/AM_ratkin_attack1.uasset" 588
"../../../../../../Desktop/RPG_prototype_sparkin/Content/RPG/Characters/Enemies/Ratkin/Animations/A_ratkin_walk2.uasset" 589
"../../../../../../Desktop/RPG_prototype_sparkin/Content/RPG/Characters/Enemies/Ratkin/Animations/A_ratkin_run2.uasset" 590
"../../../../../../Desktop/RPG_prototype_sparkin/Content/RPG/Characters/Enemies/Ratkin/Animations/A_Ratkin_Idle.uasset" 591
"../../../../../../Desktop/RPG_prototype_sparkin/Content/RPG/Characters/Enemies/Ratkin/Animations/BS_ratkin_idle_walk_run.uasset" 592
"../../../../../../Desktop/RPG_prototype_sparkin/Content/RPG/Characters/Enemies/Ratkin/Animations/A_ratkin_die1.uasset" 593
"../../../../../../Desktop/RPG_prototype_sparkin/Content/RPG/Characters/Enemies/Ratkin/AB_ratkin.uasset" 594
"../../../../../../Desktop/RPG_prototype_sparkin/Content/RPG/Characters/AI/Behavior_AI/BP_Behavior_AI.uasset" 595
"../../../../../../Desktop/RPG_prototype_sparkin/Content/RPG/Blueprints/Libraries/L_CombatLibrary.uasset" 596
"../../../../../../Desktop/RPG_prototype_sparkin/Content/RPG/Blueprints/Enums/e_SkillType.uasset" 597
"../../../../../../Desktop/RPG_prototype_sparkin/Content/RPG/Blueprints/Enums/e_SkillSlot.uasset" 598
"../../../../../../Desktop/RPG_prototype_sparkin/Content/StarterContent/Textures/T_Fire_Tiled_D.uasset" 599
"../../../../../../Desktop/RPG_prototype_sparkin/Content/StarterContent/Textures/T_Fire_SubUV.uasset" 600
"../../../../../../Desktop/RPG_prototype_sparkin/Content/StarterContent/Particles/Materials/M_Fire_SubUV.uasset" 601
"../../../../../../Desktop/RPG_prototype_sparkin/Content/RPG/Blueprints/SkillActors/Effects/P_FireBall.uasset" 602
"../../../../../../Desktop/RPG_prototype_sparkin/Content/RPG/Blueprints/SkillActors/Skill_FireBall.uasset" 603
"../../../../../../Desktop/RPG_prototype_sparkin/Content/RPG/Blueprints/BP_MagicProjectile.uasset" 604
"../../../../../../Desktop/RPG_prototype_sparkin/Content/RPG/Textures/GoalDecal3.uasset" 605
"../../../../../../Desktop/RPG_prototype_sparkin/Content/RPG/Materials/MAT_GoalDecal.uasset" 606
"../../../../../../Desktop/RPG_prototype_sparkin/Content/RPG/Materials/MAT_GoalDecal_Inst.uasset" 607
"../../../../../../Desktop/RPG_prototype_sparkin/Content/RPG/Blueprints/BP_GoalDecal.uasset" 608
"../../../../../../Desktop/RPG_prototype_sparkin/Content/RPG/Blueprints/RPG_PlayerController.uasset" 609
"../../../../../../Desktop/RPG_prototype_sparkin/Content/RPG/Characters/Character/Mesh/RPG_Character_PhysicsAsset.uasset" 610
"../../../../../../Desktop/RPG_prototype_sparkin/Content/RPG/Characters/Character/Mesh/Kachujin_specular.uasset" 611
"../../../../../../Desktop/RPG_prototype_sparkin/Content/RPG/Characters/Character/Mesh/Kachujin_normal.uasset" 612
"../../../../../../Desktop/RPG_prototype_sparkin/Content/RPG/Characters/Character/Mesh/Kachujin_diffuse.uasset" 613
"../../../../../../Desktop/RPG_prototype_sparkin/Content/RPG/Characters/Character/Mesh/kachujin_MAT.uasset" 614
"../../../../../../Desktop/RPG_prototype_sparkin/Content/RPG/Characters/Character/Mesh/RPG_Character_Skeleton.uasset" 615
"../../../../../../Desktop/RPG_prototype_sparkin/Content/RPG/Characters/Character/Mesh/RPG_Character.uasset" 616
"../../../../../../Desktop/RPG_prototype_sparkin/Content/RPG/Characters/Character/Gun/rifle_BaseColor.uasset" 617
"../../../../../../Desktop/RPG_prototype_sparkin/Content/RPG/Characters/Character/Gun/rifle_mtl.uasset" 618
"../../../../../../Desktop/RPG_prototype_sparkin/Content/RPG/Characters/Character/Gun/rifle.uasset" 619
"../../../../../../Desktop/RPG_prototype_sparkin/Content/RPG/Characters/Character/Animation/Movement/Walk.uasset" 620
"../../../../../../Desktop/RPG_prototype_sparkin/Content/RPG/Characters/Character/Animation/Movement/Run.uasset" 621
"../../../../../../Desktop/RPG_prototype_sparkin/Content/RPG/Characters/Character/Animation/Movement/Idle01.uasset" 622
"../../../../../../Desktop/RPG_prototype_sparkin/Content/RPG/Characters/Character/Animation/Movement/BS_Idle_Walk_Run.uasset" 623
"../../../../../../Desktop/RPG_prototype_sparkin/Content/RPG/Characters/Character/Animation/RPG_CharacterAnimBP.uasset" 624
"../../../../../../Desktop/RPG_prototype_sparkin/Content/RPG/Blueprints/Structures/s_StatsLerp.uasset" 625
"../../../../../../Desktop/RPG_prototype_sparkin/Content/RPG/Blueprints/Structures/s_StatsData.uasset" 626
"../../../../../../Desktop/RPG_prototype_sparkin/Content/StarterContent/Textures/T_Explosion_SubUV.uasset" 627
"../../../../../../Desktop/RPG_prototype_sparkin/Content/StarterContent/Particles/Materials/M_explosion_subUV.uasset" 628
"../../../../../../Desktop/RPG_prototype_sparkin/Content/StarterContent/Textures/T_Burst_M.uasset" 629
"../../../../../../Desktop/RPG_prototype_sparkin/Content/StarterContent/Particles/Materials/M_Burst.uasset" 630
"../../../../../../Desktop/RPG_prototype_sparkin/Content/RPG/Blueprints/SkillActors/Effects/P_FireBallBurst.uasset" 631
"../../../../../../Desktop/RPG_prototype_sparkin/Content/RPG/UI/Textures/Spells/Icon_Arcaneball.uasset" 632
"../../../../../../Desktop/RPG_prototype_sparkin/Content/RPG/Blueprints/SkillActors/Skill_ArcaneBolt.uasset" 633
"../../../../../../Desktop/RPG_prototype_sparkin/Content/RPG/Blueprints/Structures/struct_rpgSkill.uasset" 634
"../../../../../../Desktop/RPG_prototype_sparkin/Content/RPG/Blueprints/RPG_Skills/BP_RPG_Skill.uasset" 635
"../../../../../../Desktop/RPG_prototype_sparkin/Content/minimap/Minimap_T.uasset" 636
"../../../../../../Desktop/RPG_prototype_sparkin/Content/minimap/Minimap_T_Mat.uasset" 637
"../../../../../../Desktop/RPG_prototype_sparkin/Content/minimap/MIniMapWidget.uasset" 638
"../../../../../../Desktop/RPG_prototype_sparkin/Content/Dungeon/Textures/Atlas_Base_01_Specular.uasset" 639
"../../../../../../Desktop/RPG_prototype_sparkin/Content/Dungeon/Textures/Atlas_Base_01_Normal.uasset" 640
"../../../../../../Desktop/RPG_prototype_sparkin/Content/Dungeon/Textures/Atlas_Base_01.uasset" 641
"../../../../../../Desktop/RPG_prototype_sparkin/Content/Dungeon/Materials/M_dungeon_main.uasset" 642
"../../../../../../Desktop/RPG_prototype_sparkin/Content/Dungeon/Walls_Decor/Wall_Upper_Decor_03A.uasset" 643
"../../../../../../Desktop/RPG_prototype_sparkin/Content/Dungeon/Materials/M_dungeon_main_Inst.uasset" 644
"../../../../../../Desktop/RPG_prototype_sparkin/Content/Dungeon/Walls/Wall_Preset_02.uasset" 645
"../../../../../../Desktop/RPG_prototype_sparkin/Content/Dungeon/Walls_Decor/Wall_Bottom_Decor_01A.uasset" 646
"../../../../../../Desktop/RPG_prototype_sparkin/Content/Dungeon/Materials/M_dungeon_main_tranclucent.uasset" 647
"../../../../../../Desktop/RPG_prototype_sparkin/Content/Dungeon/Walls/BP_FadeWall.uasset" 648
"../../../../../../Desktop/RPG_prototype_sparkin/Content/Dungeon/Walls/BP_HideableArea.uasset" 649
"../../../../../../Desktop/RPG_prototype_sparkin/Content/RPG/Characters/Character/Default_Character.uasset" 650
"../../../../../../Desktop/RPG_prototype_sparkin/Content/Shkhandi/ShikhandiBP.uasset" 651
"../../../../../../Desktop/RPG_prototype_sparkin/Content/Zombie/Idle__1__Anim_mixamo_com.uasset" 652
"../../../../../../Desktop/RPG_prototype_sparkin/Content/InfinityBladeGrassLands/Environments/Earth/Textures/T_Plants_N.uasset" 653
"../../../../../../Desktop/RPG_prototype_sparkin/Content/InfinityBladeGrassLands/Environments/Earth/Textures/T_Plants_D.uasset" 654
"../../../Engine/Content/Functions/Engine_MaterialFunctions01/WorldPositionOffset/SimpleGrassWind.uasset" 655
"../../../../../../Desktop/RPG_prototype_sparkin/Content/InfinityBladeGrassLands/Environments/Earth/Materials/M_Exo_Generic_Plants.uasset" 656
"../../../../../../Desktop/RPG_prototype_sparkin/Content/InfinityBladeGrassLands/Environments/Earth/StaticMesh/SM_SmallTree02.uasset" 657
"../../../../../../Desktop/RPG_prototype_sparkin/Content/InfinityBladeGrassLands/Environments/Earth/Textures/T_GroundCover_Leaf01_N.uasset" 658
"../../../../../../Desktop/RPG_prototype_sparkin/Content/InfinityBladeGrassLands/Environments/Earth/Textures/T_GroundCover_Leaf01_D.uasset" 659
"../../../../../../Desktop/RPG_prototype_sparkin/Content/InfinityBladeGrassLands/Environments/Earth/Materials/M_GroundCover_LEafy.uasset" 660
"../../../../../../Desktop/RPG_prototype_sparkin/Content/InfinityBladeGrassLands/Environments/Earth/StaticMesh/SM_GroundCover_Leafy03.uasset" 661
"../../../../../../Desktop/RPG_prototype_sparkin/Content/InfinityBladeGrassLands/Environments/Earth/StaticMesh/SM_GroundCover_Leafy01.uasset" 662
"../../../../../../Desktop/RPG_prototype_sparkin/Content/Geometry/Meshes/TemplateFloor.uasset" 663
"../../../../../../Desktop/RPG_prototype_sparkin/Content/Environment/Ruins/Textures/Ruins1_normal.uasset" 664
"../../../../../../Desktop/RPG_prototype_sparkin/Content/Environment/Ruins/Textures/Ruins1.uasset" 665
"../../../../../../Desktop/RPG_prototype_sparkin/Content/Environment/Ruins/Materials/MAT_Ruins1.uasset" 666
"../../../../../../Desktop/RPG_prototype_sparkin/Content/Environment/Ruins/Ruin_wall3.uasset" 667
"../../../../../../Desktop/RPG_prototype_sparkin/Content/Environment/Ruins/Ruin_wall1.uasset" 668
"../../../../../../Desktop/RPG_prototype_sparkin/Content/Environment/Ruins/Textures/Ruins2_normal.uasset" 669
"../../../../../../Desktop/RPG_prototype_sparkin/Content/Environment/Ruins/Textures/Ruins2.uasset" 670
"../../../../../../Desktop/RPG_prototype_sparkin/Content/Environment/Ruins/Materials/MAT_Ruins2.uasset" 671
"../../../../../../Desktop/RPG_prototype_sparkin/Content/Environment/Ruins/Ruin_rock2_7.uasset" 672
"../../../../../../Desktop/RPG_prototype_sparkin/Content/Environment/Ruins/Ruin_rock2_3.uasset" 673
"../../../../../../Desktop/RPG_prototype_sparkin/Content/Environment/Ruins/Ruin_ring1.uasset" 674
"../../../../../../Desktop/RPG_prototype_sparkin/Content/Environment/Ruins/Textures/Ruins3_normal.uasset" 675
"../../../../../../Desktop/RPG_prototype_sparkin/Content/Environment/Ruins/Textures/Ruins3.uasset" 676
"../../../../../../Desktop/RPG_prototype_sparkin/Content/Environment/Ruins/Materials/MAT_Ruin3.uasset" 677
"../../../../../../Desktop/RPG_prototype_sparkin/Content/Environment/Ruins/Ruin_floorC.uasset" 678
"../../../../../../Desktop/RPG_prototype_sparkin/Content/Environment/Rocks/Texture/Rock10_normal.uasset" 679
"../../../../../../Desktop/RPG_prototype_sparkin/Content/Environment/Rocks/Texture/Rock10.uasset" 680
"../../../../../../Desktop/RPG_prototype_sparkin/Content/Environment/Rocks/Materials/MAT_Rock11.uasset" 681
"../../../../../../Desktop/RPG_prototype_sparkin/Content/Environment/Rocks/Rock11.uasset" 682
"../../../../../../Desktop/RPG_prototype_sparkin/Content/Environment/Rocks/Texture/Texture_Roks_normal.uasset" 683
"../../../../../../Desktop/RPG_prototype_sparkin/Content/Environment/Rocks/Texture/Texture_Roks.uasset" 684
"../../../../../../Desktop/RPG_prototype_sparkin/Content/Environment/Rocks/Materials/MAT_Rocks.uasset" 685
"../../../../../../Desktop/RPG_prototype_sparkin/Content/Environment/Rocks/Rock1.uasset" 686
"../../../../../../Desktop/RPG_prototype_sparkin/Content/Environment/Nature/Textures/Branches3_normal.uasset" 687
"../../../../../../Desktop/RPG_prototype_sparkin/Content/Environment/Nature/Textures/Branches3.uasset" 688
"../../../../../../Desktop/RPG_prototype_sparkin/Content/Environment/Nature/Materials/MAT_Branch3.uasset" 689
"../../../../../../Desktop/RPG_prototype_sparkin/Content/Environment/Nature/Textures/bark_tiled1_normal.uasset" 690
"../../../../../../Desktop/RPG_prototype_sparkin/Content/Environment/Nature/Textures/bark_tiled1.uasset" 691
"../../../../../../Desktop/RPG_prototype_sparkin/Content/Environment/Nature/Materials/MAT_Bark1.uasset" 692
"../../../../../../Desktop/RPG_prototype_sparkin/Content/Environment/Nature/Tree7.uasset" 693
"../../../../../../Desktop/RPG_prototype_sparkin/Content/Environment/Nature/Tree6.uasset" 694
"../../../../../../Desktop/RPG_prototype_sparkin/Content/Environment/Nature/Textures/Trunk5_normal.uasset" 695
"../../../../../../Desktop/RPG_prototype_sparkin/Content/Environment/Nature/Textures/Trunk5.uasset" 696
"../../../../../../Desktop/RPG_prototype_sparkin/Content/Environment/Nature/Materials/MAT_trunk5.uasset" 697
"../../../../../../Desktop/RPG_prototype_sparkin/Content/Environment/Nature/Textures/Branches1_normal.uasset" 698
"../../../../../../Desktop/RPG_prototype_sparkin/Content/Environment/Nature/Textures/Branches1.uasset" 699
"../../../../../../Desktop/RPG_prototype_sparkin/Content/Environment/Nature/Materials/MAT_Branch.uasset" 700
"../../../../../../Desktop/RPG_prototype_sparkin/Content/Environment/Nature/Textures/Treeshrom_normal.uasset" 701
"../../../../../../Desktop/RPG_prototype_sparkin/Content/Environment/Nature/Textures/Treeshrom.uasset" 702
"../../../../../../Desktop/RPG_prototype_sparkin/Content/Environment/Nature/Materials/MAT_tree_shroom.uasset" 703
"../../../../../../Desktop/RPG_prototype_sparkin/Content/Environment/Nature/Tree5B.uasset" 704
"../../../../../../Desktop/RPG_prototype_sparkin/Content/Environment/Nature/Tree5A.uasset" 705
"../../../../../../Desktop/RPG_prototype_sparkin/Content/Environment/Nature/Textures/Trunk3_normal.uasset" 706
"../../../../../../Desktop/RPG_prototype_sparkin/Content/Environment/Nature/Textures/Trunk3.uasset" 707
"../../../../../../Desktop/RPG_prototype_sparkin/Content/Environment/Nature/Materials/MAT_trunk3.uasset" 708
"../../../../../../Desktop/RPG_prototype_sparkin/Content/Environment/Nature/Tree3A.uasset" 709
"../../../../../../Desktop/RPG_prototype_sparkin/Content/Environment/Nature/Textures/Trunk2_normal.uasset" 710
"../../../../../../Desktop/RPG_prototype_sparkin/Content/Environment/Nature/Textures/Trunk2.uasset" 711
"../../../../../../Desktop/RPG_prototype_sparkin/Content/Environment/Nature/Materials/MAT_trunk2.uasset" 712
"../../../../../../Desktop/RPG_prototype_sparkin/Content/Environment/Nature/Tree2B.uasset" 713
"../../../../../../Desktop/RPG_prototype_sparkin/Content/Environment/Nature/Tree2A.uasset" 714
"../../../../../../Desktop/RPG_prototype_sparkin/Content/Environment/Nature/Textures/Trunk1_normal.uasset" 715
"../../../../../../Desktop/RPG_prototype_sparkin/Content/Environment/Nature/Textures/Trunk1.uasset" 716
"../../../../../../Desktop/RPG_prototype_sparkin/Content/Environment/Nature/Materials/MAT_trunk1.uasset" 717
"../../../../../../Desktop/RPG_prototype_sparkin/Content/Environment/Nature/Tree1C.uasset" 718
"../../../../../../Desktop/RPG_prototype_sparkin/Content/Environment/Nature/Tree1B.uasset" 719
"../../../../../../Desktop/RPG_prototype_sparkin/Content/Environment/Nature/Tree1A.uasset" 720
"../../../../../../Desktop/RPG_prototype_sparkin/Content/Environment/Nature/Textures/Branches4_normal.uasset" 721
"../../../../../../Desktop/RPG_prototype_sparkin/Content/Environment/Nature/Textures/Branches4.uasset" 722
"../../../../../../Desktop/RPG_prototype_sparkin/Content/Environment/Nature/Materials/MAT_Branch4.uasset" 723
"../../../../../../Desktop/RPG_prototype_sparkin/Content/Environment/Nature/tree12.uasset" 724
"../../../../../../Desktop/RPG_prototype_sparkin/Content/Environment/Nature/tree11.uasset" 725
"../../../../../../Desktop/RPG_prototype_sparkin/Content/Environment/Nature/tree10.uasset" 726
"../../../../../../Desktop/RPG_prototype_sparkin/Content/Environment/Nature/Textures/stamps_normal.uasset" 727
"../../../../../../Desktop/RPG_prototype_sparkin/Content/Environment/Nature/Textures/stamps.uasset" 728
"../../../../../../Desktop/RPG_prototype_sparkin/Content/Environment/Nature/Materials/MAT_Stamps.uasset" 729
"../../../../../../Desktop/RPG_prototype_sparkin/Content/Environment/Nature/Stamp2B.uasset" 730
"../../../../../../Desktop/RPG_prototype_sparkin/Content/Environment/Nature/Stamp2A.uasset" 731
"../../../../../../Desktop/RPG_prototype_sparkin/Content/Environment/Nature/Stamp1.uasset" 732
"../../../../../../Desktop/RPG_prototype_sparkin/Content/Environment/Nature/Textures/Mushrooms_normal.uasset" 733
"../../../../../../Desktop/RPG_prototype_sparkin/Content/Environment/Nature/Textures/Mushrooms.uasset" 734
"../../../../../../Desktop/RPG_prototype_sparkin/Content/Environment/Nature/Materials/MAT_Mushrooms.uasset" 735
"../../../../../../Desktop/RPG_prototype_sparkin/Content/Environment/Nature/Shrooms4.uasset" 736
"../../../../../../Desktop/RPG_prototype_sparkin/Content/Environment/Nature/Shrooms3.uasset" 737
"../../../../../../Desktop/RPG_prototype_sparkin/Content/Environment/Ruins/Ruin_floor4.uasset" 738
"../../../../../../Desktop/RPG_prototype_sparkin/Content/Environment/Ruins/Ruin_floor3.uasset" 739
"../../../../../../Desktop/RPG_prototype_sparkin/Content/Environment/Ruins/Ruin_floor2.uasset" 740
"../../../../../../Desktop/RPG_prototype_sparkin/Content/Environment/Ruins/Ruin_floor1.uasset" 741
"../../../../../../Desktop/RPG_prototype_sparkin/Content/Environment/Ruins/Ruin_debris3.uasset" 742
"../../../../../../Desktop/RPG_prototype_sparkin/Content/Environment/Ruins/Ruin_debris2.uasset" 743
"../../../../../../Desktop/RPG_prototype_sparkin/Content/Environment/Ruins/Ruin_debris1.uasset" 744
"../../../../../../Desktop/RPG_prototype_sparkin/Content/Environment/Ruins/Ruin_column5A.uasset" 745
"../../../../../../Desktop/RPG_prototype_sparkin/Content/Environment/Ruins/Ruin_Column1B.uasset" 746
"../../../../../../Desktop/RPG_prototype_sparkin/Content/Environment/Ruins/Ruin_arch_B.uasset" 747
"../../../../../../Desktop/RPG_prototype_sparkin/Content/Environment/Ruins/Textures/Ancient_stones_normal.uasset" 748
"../../../../../../Desktop/RPG_prototype_sparkin/Content/Environment/Ruins/Textures/Ancient_stones.uasset" 749
"../../../../../../Desktop/RPG_prototype_sparkin/Content/Environment/Ruins/Materials/MAT_Ancient_stones.uasset" 750
"../../../../../../Desktop/RPG_prototype_sparkin/Content/Environment/Ruins/Ancient_Stones6.uasset" 751
"../../../../../../Desktop/RPG_prototype_sparkin/Content/Environment/Ruins/Ancient_Stones5.uasset" 752
"../../../../../../Desktop/RPG_prototype_sparkin/Content/Environment/Ruins/Ancient_Stones4.uasset" 753
"../../../../../../Desktop/RPG_prototype_sparkin/Content/Environment/Ruins/Ancient_Stones3.uasset" 754
"../../../../../../Desktop/RPG_prototype_sparkin/Content/Environment/Ruins/Ancient_Stones2.uasset" 755
"../../../../../../Desktop/RPG_prototype_sparkin/Content/Environment/Ruins/Ancient_Stones1.uasset" 756
"../../../../../../Desktop/RPG_prototype_sparkin/Content/Environment/Rocks/Texture/Rocks_01_Large_normal.uasset" 757
"../../../../../../Desktop/RPG_prototype_sparkin/Content/Environment/Rocks/Texture/Rocks_01_Large.uasset" 758
"../../../../../../Desktop/RPG_prototype_sparkin/Content/Environment/Rocks/Materials/MAT_Rocks_01_Large.uasset" 759
"../../../../../../Desktop/RPG_prototype_sparkin/Content/Environment/Rocks/Rock_Large02.uasset" 760
"../../../../../../Desktop/RPG_prototype_sparkin/Content/Environment/Rocks/Rock_Large01.uasset" 761
"../../../../../../Desktop/RPG_prototype_sparkin/Content/Environment/Rocks/Texture/Rocks_01_normal.uasset" 762
"../../../../../../Desktop/RPG_prototype_sparkin/Content/Environment/Rocks/Texture/Rocks_01.uasset" 763
"../../../../../../Desktop/RPG_prototype_sparkin/Content/Environment/Rocks/Materials/MAT_Rocks_01.uasset" 764
"../../../../../../Desktop/RPG_prototype_sparkin/Content/Environment/Rocks/Rock_05B.uasset" 765
"../../../../../../Desktop/RPG_prototype_sparkin/Content/Environment/Rocks/Rock_04.uasset" 766
"../../../../../../Desktop/RPG_prototype_sparkin/Content/Environment/Rocks/Rock_03.uasset" 767
"../../../../../../Desktop/RPG_prototype_sparkin/Content/Environment/Rocks/Rock_02.uasset" 768
"../../../../../../Desktop/RPG_prototype_sparkin/Content/Environment/Rocks/Rock_01.uasset" 769
"../../../../../../Desktop/RPG_prototype_sparkin/Content/Environment/Rocks/Rock5.uasset" 770
"../../../../../../Desktop/RPG_prototype_sparkin/Content/Environment/Rocks/Rock4.uasset" 771
"../../../../../../Desktop/RPG_prototype_sparkin/Content/Environment/Rocks/Rock3.uasset" 772
"../../../../../../Desktop/RPG_prototype_sparkin/Content/Environment/Rocks/Rock2.uasset" 773
"../../../../../../Desktop/RPG_prototype_sparkin/Content/Environment/Rocks/Texture/Rock4_normal.uasset" 774
"../../../../../../Desktop/RPG_prototype_sparkin/Content/Environment/Rocks/Texture/Rock4.uasset" 775
"../../../../../../Desktop/RPG_prototype_sparkin/Content/Environment/Rocks/Materials/MAT_Rock4.uasset" 776
"../../../../../../Desktop/RPG_prototype_sparkin/Content/Environment/Rocks/Rock12.uasset" 777
"../../../../../../Desktop/RPG_prototype_sparkin/Content/Environment/Nature/Shrooms2.uasset" 778
"../../../../../../Desktop/RPG_prototype_sparkin/Content/Environment/Nature/Shrooms1.uasset" 779
"../../../../../../Desktop/RPG_prototype_sparkin/Content/Environment/Nature/Textures/Branches2_normal.uasset" 780
"../../../../../../Desktop/RPG_prototype_sparkin/Content/Environment/Nature/Textures/Branches2.uasset" 781
"../../../../../../Desktop/RPG_prototype_sparkin/Content/Environment/Nature/Materials/MAT_Branch2.uasset" 782
"../../../../../../Desktop/RPG_prototype_sparkin/Content/Environment/Nature/Bush5.uasset" 783
"../../../../../../Desktop/RPG_prototype_sparkin/Content/Environment/Nature/Bush4.uasset" 784
"../../../../../../Desktop/RPG_prototype_sparkin/Content/Environment/Nature/Bush3.uasset" 785
"../../../../../../Desktop/RPG_prototype_sparkin/Content/Environment/Nature/Bush2.uasset" 786
"../../../../../../Desktop/RPG_prototype_sparkin/Content/Environment/Nature/Bush1.uasset" 787
"../../../../../../Desktop/RPG_prototype_sparkin/Content/StarterContent/Textures/T_Ground_Grass_N.uasset" 788
"../../../../../../Desktop/RPG_prototype_sparkin/Content/Environment/Materials/M_river3.uasset" 789
"../../../../../../Desktop/RPG_prototype_sparkin/Content/Environment/Ground/Landscape_2/Ground_5_LayerInfo.uasset" 790
"../../../../../../Desktop/RPG_prototype_sparkin/Content/Environment/Ground/Landscape_2/Ground_4_LayerInfo.uasset" 791
"../../../../../../Desktop/RPG_prototype_sparkin/Content/Environment/Ground/Landscape_2/Gorund_3_LayerInfo.uasset" 792
"../../../../../../Desktop/RPG_prototype_sparkin/Content/Environment/Ground/Textures/grass2.uasset" 793
"../../../../../../Desktop/RPG_prototype_sparkin/Content/Environment/Ground/MAT_grass2.uasset" 794
"../../../../../../Desktop/RPG_prototype_sparkin/Content/Environment/Ground/SM_Plains_Grass02.uasset" 795
"../../../../../../Desktop/RPG_prototype_sparkin/Content/Environment/Ground/Textures/grass1.uasset" 796
"../../../../../../Desktop/RPG_prototype_sparkin/Content/Environment/Ground/MAT_grass.uasset" 797
"../../../../../../Desktop/RPG_prototype_sparkin/Content/Environment/Ground/SM_Plains_Grass01.uasset" 798
"../../../../../../Desktop/RPG_prototype_sparkin/Content/Environment/Ground/Textures/Ground_g_5_nmp.uasset" 799
"../../../../../../Desktop/RPG_prototype_sparkin/Content/Environment/Ground/Textures/Ground_g_5.uasset" 800
"../../../../../../Desktop/RPG_prototype_sparkin/Content/Environment/Ground/Textures/Ground_g_4_nmp.uasset" 801
"../../../../../../Desktop/RPG_prototype_sparkin/Content/Environment/Ground/Textures/Ground_g_4.uasset" 802
"../../../../../../Desktop/RPG_prototype_sparkin/Content/Environment/Ground/Textures/Ground_g_3_nmp.uasset" 803
"../../../../../../Desktop/RPG_prototype_sparkin/Content/Environment/Ground/Textures/Ground_g_3.uasset" 804
"../../../../../../Desktop/RPG_prototype_sparkin/Content/Environment/Ground/Textures/Ground_g_2_nmp.uasset" 805
"../../../../../../Desktop/RPG_prototype_sparkin/Content/Environment/Ground/Textures/Ground_g_2.uasset" 806
"../../../../../../Desktop/RPG_prototype_sparkin/Content/Environment/Ground/Textures/Ground_g_1_nmp.uasset" 807
"../../../../../../Desktop/RPG_prototype_sparkin/Content/Environment/Ground/Textures/Ground_g_1.uasset" 808
"../../../../../../Desktop/RPG_prototype_sparkin/Content/Environment/Ground/M_Landscape2.uasset" 809
"../../../../../../Desktop/RPG_prototype_sparkin/Content/Environment/Ground/Textures/Ground6_normal.uasset" 810
"../../../../../../Desktop/RPG_prototype_sparkin/Content/Environment/Ground/Textures/Ground6_B_normal.uasset" 811
"../../../../../../Desktop/RPG_prototype_sparkin/Content/Environment/Ground/Textures/Ground6_B.uasset" 812
"../../../../../../Desktop/RPG_prototype_sparkin/Content/Environment/Ground/Textures/Ground6.uasset" 813
"../../../../../../Desktop/RPG_prototype_sparkin/Content/Environment/Ground/Textures/Ground4_normal.uasset" 814
"../../../../../../Desktop/RPG_prototype_sparkin/Content/Environment/Ground/Textures/Ground4.uasset" 815
"../../../../../../Desktop/RPG_prototype_sparkin/Content/Environment/Ground/Textures/Ground3_normal.uasset" 816
"../../../../../../Desktop/RPG_prototype_sparkin/Content/Environment/Ground/Textures/Ground3.uasset" 817
"../../../../../../Desktop/RPG_prototype_sparkin/Content/Environment/Ground/Textures/Ground2_normal.uasset" 818
"../../../../../../Desktop/RPG_prototype_sparkin/Content/Environment/Ground/Textures/Ground2_B_normal.uasset" 819
"../../../../../../Desktop/RPG_prototype_sparkin/Content/Environment/Ground/Textures/Ground2_B.uasset" 820
"../../../../../../Desktop/RPG_prototype_sparkin/Content/Environment/Ground/Textures/Ground2.uasset" 821
"../../../../../../Desktop/RPG_prototype_sparkin/Content/Environment/Ground/Textures/Ground1_normal.uasset" 822
"../../../../../../Desktop/RPG_prototype_sparkin/Content/Environment/Ground/Textures/Ground1_B_normal.uasset" 823
"../../../../../../Desktop/RPG_prototype_sparkin/Content/Environment/Ground/Textures/Ground1_B.uasset" 824
"../../../../../../Desktop/RPG_prototype_sparkin/Content/Environment/Ground/Textures/Ground1.uasset" 825
"../../../../../../Desktop/RPG_prototype_sparkin/Content/Environment/Ground/Ground_2_LayerInfo.uasset" 826
"../../../../../../Desktop/RPG_prototype_sparkin/Content/Environment/Ground/Ground_1_LayerInfo.uasset" 827
"../../../../../../Desktop/RPG_prototype_sparkin/Content/Environment/Ground/Ground6_LayerInfo.uasset" 828
"../../../../../../Desktop/RPG_prototype_sparkin/Content/Environment/Ground/Ground6_B_LayerInfo.uasset" 829
"../../../../../../Desktop/RPG_prototype_sparkin/Content/Environment/Ground/Ground4_LayerInfo.uasset" 830
"../../../../../../Desktop/RPG_prototype_sparkin/Content/Environment/Ground/Ground3_LayerInfo.uasset" 831
"../../../../../../Desktop/RPG_prototype_sparkin/Content/Environment/Ground/Ground2_LayerInfo.uasset" 832
"../../../../../../Desktop/RPG_prototype_sparkin/Content/Environment/Ground/Ground2_B_LayerInfo.uasset" 833
"../../../../../../Desktop/RPG_prototype_sparkin/Content/Environment/Ground/Ground1_LayerInfo.uasset" 834
"../../../../../../Desktop/RPG_prototype_sparkin/Content/Environment/Ground/Ground1_B_LayerInfo.uasset" 835
"../../../../../../Desktop/RPG_prototype_sparkin/Content/Environment/Ground/Textures/Grass5.uasset" 836
"../../../../../../Desktop/RPG_prototype_sparkin/Content/Environment/Ground/MAT_grass5.uasset" 837
"../../../../../../Desktop/RPG_prototype_sparkin/Content/Environment/Ground/Grass_planes4.uasset" 838
"../../../../../../Desktop/RPG_prototype_sparkin/Content/Environment/Ground/Textures/Grass4.uasset" 839
"../../../../../../Desktop/RPG_prototype_sparkin/Content/Environment/Ground/MAT_grass4.uasset" 840
"../../../../../../Desktop/RPG_prototype_sparkin/Content/Environment/Ground/Grass_planes3.uasset" 841
"../../../../../../Desktop/RPG_prototype_sparkin/Content/Environment/Ground/Textures/Grass3.uasset" 842
"../../../../../../Desktop/RPG_prototype_sparkin/Content/Environment/Ground/MAT_grass3.uasset" 843
"../../../../../../Desktop/RPG_prototype_sparkin/Content/Environment/Ground/Grass_planes2.uasset" 844
"../../../../../../Desktop/RPG_prototype_sparkin/Content/Environment/Ground/Grass_PLanes1.uasset" 845
"../../../../../../Desktop/RPG_prototype_sparkin/Content/Environment/Ground/Grass_PLanes.uasset" 846
"../../../../../../Desktop/RPG_prototype_sparkin/Content/Environment/Graveyard/Textures/Graveyard_atlas1_nmp.uasset" 847
"../../../../../../Desktop/RPG_prototype_sparkin/Content/Environment/Graveyard/Textures/Graveyard_atlas1.uasset" 848
"../../../../../../Desktop/RPG_prototype_sparkin/Content/Environment/Graveyard/Materials/M_Atlas1.uasset" 849
"../../../../../../Desktop/RPG_prototype_sparkin/Content/Environment/Graveyard/Wall_Pillar2.uasset" 850
"../../../../../../Desktop/RPG_prototype_sparkin/Content/Environment/Graveyard/Wall_2C.uasset" 851
"../../../../../../Desktop/RPG_prototype_sparkin/Content/Environment/Graveyard/Wall_2A.uasset" 852
"../../../../../../Desktop/RPG_prototype_sparkin/Content/Environment/Graveyard/Wall_1G_mob.uasset" 853
"../../../../../../Desktop/RPG_prototype_sparkin/Content/Environment/Graveyard/Wall_1B.uasset" 854
"../../../../../../Desktop/RPG_prototype_sparkin/Content/Environment/Graveyard/Textures/Trees_nmp.uasset" 855
"../../../../../../Desktop/RPG_prototype_sparkin/Content/Environment/Graveyard/Textures/Trees.uasset" 856
"../../../../../../Desktop/RPG_prototype_sparkin/Content/Environment/Graveyard/Materials/M_Trees1.uasset" 857
"../../../../../../Desktop/RPG_prototype_sparkin/Content/Environment/Graveyard/Trunk2.uasset" 858
"../../../../../../Desktop/RPG_prototype_sparkin/Content/Environment/Graveyard/Textures/Trees_Branches.uasset" 859
"../../../../../../Desktop/RPG_prototype_sparkin/Content/Environment/Graveyard/Materials/M_Trees_Branch.uasset" 860
"../../../../../../Desktop/RPG_prototype_sparkin/Content/Environment/Graveyard/Tree_9_Twosided.uasset" 861
"../../../../../../Desktop/RPG_prototype_sparkin/Content/Environment/Graveyard/Tree_8_Twosided.uasset" 862
"../../../../../../Desktop/RPG_prototype_sparkin/Content/Environment/Graveyard/Tree_8B_Twosided.uasset" 863
"../../../../../../Desktop/RPG_prototype_sparkin/Content/Environment/Graveyard/Tree_7_Twosided.uasset" 864
"../../../../../../Desktop/RPG_prototype_sparkin/Content/Environment/Graveyard/Tree_7D_Twosided.uasset" 865
"../../../../../../Desktop/RPG_prototype_sparkin/Content/Environment/Graveyard/Tree_7C_Twosided.uasset" 866
"../../../../../../Desktop/RPG_prototype_sparkin/Content/Environment/Graveyard/Tree_7B_Twosided.uasset" 867
"../../../../../../Desktop/RPG_prototype_sparkin/Content/Environment/Graveyard/Tree_5_Twosided.uasset" 868
"../../../../../../Desktop/RPG_prototype_sparkin/Content/Environment/Graveyard/Tree_4_Twosided.uasset" 869
"../../../../../../Desktop/RPG_prototype_sparkin/Content/Environment/Graveyard/Tree_4B_Twosided.uasset" 870
"../../../../../../Desktop/RPG_prototype_sparkin/Content/Environment/Graveyard/Tree_3_Twosided.uasset" 871
"../../../../../../Desktop/RPG_prototype_sparkin/Content/Environment/Graveyard/Tree_2_Twosided.uasset" 872
"../../../../../../Desktop/RPG_prototype_sparkin/Content/Environment/Graveyard/Tree_2B_Twosided.uasset" 873
"../../../../../../Desktop/RPG_prototype_sparkin/Content/Environment/Graveyard/Tree_1_Twosided.uasset" 874
"../../../../../../Desktop/RPG_prototype_sparkin/Content/Environment/Graveyard/Tree_1B_Twosided.uasset" 875
"../../../../../../Desktop/RPG_prototype_sparkin/Content/Environment/Graveyard/Small_Tree_3_Twosided.uasset" 876
"../../../../../../Desktop/RPG_prototype_sparkin/Content/Environment/Graveyard/Trunk1.uasset" 877
"../../../../../../Desktop/RPG_prototype_sparkin/Content/Environment/Graveyard/Small_Tree_3B_Twosided.uasset" 878
"../../../../../../Desktop/RPG_prototype_sparkin/Content/Environment/Graveyard/Small_Tree_2_Twosided.uasset" 879
"../../../../../../Desktop/RPG_prototype_sparkin/Content/Environment/Graveyard/Small_Tree_2B_Twosided.uasset" 880
"../../../../../../Desktop/RPG_prototype_sparkin/Content/Environment/Graveyard/Small_Tree_1_Twosided.uasset" 881
"../../../../../../Desktop/RPG_prototype_sparkin/Content/Environment/Graveyard/Small_Tree_1B_Twosided.uasset" 882
"../../../../../../Desktop/RPG_prototype_sparkin/Content/Environment/Graveyard/Materials/M_Trees_Branch_2.uasset" 883
"../../../../../../Desktop/RPG_prototype_sparkin/Content/Environment/Graveyard/Ivy.uasset" 884
"../../../../../../Desktop/RPG_prototype_sparkin/Content/Environment/Graveyard/Bush_6.uasset" 885
"../../../../../../Desktop/RPG_prototype_sparkin/Content/Environment/Graveyard/Bush_5.uasset" 886
"../../../../../../Desktop/RPG_prototype_sparkin/Content/Environment/Graveyard/Bush_4.uasset" 887
"../../../../../../Desktop/RPG_prototype_sparkin/Content/Environment/Graveyard/Bush_3.uasset" 888
"../../../../../../Desktop/RPG_prototype_sparkin/Content/Environment/Graveyard/Bush_2.uasset" 889
"../../../../../../Desktop/RPG_prototype_sparkin/Content/Environment/Graveyard/Bush_1.uasset" 890
"../../../../../../Desktop/RPG_prototype_sparkin/Content/Environment/Env_Plains_Flora/Textures/T_Plains_Fern01_N.uasset" 891
"../../../../../../Desktop/RPG_prototype_sparkin/Content/Environment/Env_Plains_Flora/Textures/T_Plains_Fern01_D.uasset" 892
"../../../../../../Desktop/RPG_prototype_sparkin/Content/Environment/Env_Plains_Flora/Materials/M_PLains_Fern01.uasset" 893
"../../../../../../Desktop/RPG_prototype_sparkin/Content/Environment/Env_Plains_Flora/StaticMesh/SM_Plains_Grass01.uasset" 894
"../../../../../../Desktop/RPG_prototype_sparkin/Content/Environment/Buildings/Textures/Roof1_normal.uasset" 895
"../../../../../../Desktop/RPG_prototype_sparkin/Content/Environment/Buildings/Textures/Roof1.uasset" 896
"../../../../../../Desktop/RPG_prototype_sparkin/Content/Environment/Buildings/Materials/MAT_Roof1.uasset" 897
"../../../../../../Desktop/RPG_prototype_sparkin/Content/Environment/Buildings/Textures/Building_elements_normal.uasset" 898
"../../../../../../Desktop/RPG_prototype_sparkin/Content/Environment/Buildings/Textures/Building_elements_glows.uasset" 899
"../../../../../../Desktop/RPG_prototype_sparkin/Content/Environment/Buildings/Textures/Building_elements.uasset" 900
"../../../../../../Desktop/RPG_prototype_sparkin/Content/Environment/Buildings/Materials/MAT_Building.uasset" 901
"../../../../../../Desktop/RPG_prototype_sparkin/Content/Environment/Buildings/Building_addon3.uasset" 902
"../../../../../../Desktop/RPG_prototype_sparkin/Content/Environment/Buildings/Lamp.uasset" 903
"../../../../../../Desktop/RPG_prototype_sparkin/Content/Environment/Buildings/BP_lamp.uasset" 904
"../../../../../../Desktop/RPG_prototype_sparkin/Content/Environment/Ground/M_Landscape.uasset" 905
"../../../../../../Desktop/RPG_prototype_sparkin/Content/RPG/Blueprints/TimeWidget.uasset" 906
"../../../../../../Desktop/RPG_prototype_sparkin/Content/RPG/Blueprints/Game_Over1/Game_Over.uasset" 907
"../../../../../../Desktop/RPG_prototype_sparkin/Content/RPG/Characters/Character/Knight/knight_PhysicsAsset.uasset" 908
"../../../../../../Desktop/RPG_prototype_sparkin/Content/RPG/Characters/Character/Knight/Textures/weaponsSpecular.uasset" 909
"../../../../../../Desktop/RPG_prototype_sparkin/Content/RPG/Characters/Character/Knight/Textures/weaponsNormal.uasset" 910
"../../../../../../Desktop/RPG_prototype_sparkin/Content/RPG/Characters/Character/Knight/Textures/weaponsColor.uasset" 911
"../../../../../../Desktop/RPG_prototype_sparkin/Content/RPG/Characters/Character/Knight/Textures/M_knight_weapons.uasset" 912
"../../../../../../Desktop/RPG_prototype_sparkin/Content/RPG/Characters/Character/Knight/Textures/clothSpecular.uasset" 913
"../../../../../../Desktop/RPG_prototype_sparkin/Content/RPG/Characters/Character/Knight/Textures/clothNormal.uasset" 914
"../../../../../../Desktop/RPG_prototype_sparkin/Content/RPG/Characters/Character/Knight/Textures/clothColor.uasset" 915
"../../../../../../Desktop/RPG_prototype_sparkin/Content/RPG/Characters/Character/Knight/Textures/m_Knight_cloth.uasset" 916
"../../../../../../Desktop/RPG_prototype_sparkin/Content/RPG/Characters/Character/Knight/Textures/knight1Specular.uasset" 917
"../../../../../../Desktop/RPG_prototype_sparkin/Content/RPG/Characters/Character/Knight/Textures/knight1Normal.uasset" 918
"../../../../../../Desktop/RPG_prototype_sparkin/Content/RPG/Characters/Character/Knight/Textures/knight1Color.uasset" 919
"../../../../../../Desktop/RPG_prototype_sparkin/Content/RPG/Characters/Character/Knight/Textures/M_Khight_main.uasset" 920
"../../../../../../Desktop/RPG_prototype_sparkin/Content/RPG/Characters/Character/Knight/knight_Skeleton.uasset" 921
"../../../../../../Desktop/RPG_prototype_sparkin/Content/RPG/Characters/Character/Knight/knight.uasset" 922
"../../../../../../Desktop/RPG_prototype_sparkin/Content/RPG/Characters/Character/Knight/Animations/sword_and_shield_idle.uasset" 923
"../../../../../../Desktop/RPG_prototype_sparkin/Content/RPG/Characters/Character/Knight/Animations/Standart/walking_inPlace.uasset" 924
"../../../../../../Desktop/RPG_prototype_sparkin/Content/RPG/Characters/Character/Knight/Animations/Standart/standard_run_inPlace.uasset" 925
"../../../../../../Desktop/RPG_prototype_sparkin/Content/RPG/Characters/Character/Knight/BS_idle_walk_run.uasset" 926
"../../../../../../Desktop/RPG_prototype_sparkin/Content/RPG/Characters/Character/Knight/AB_Knight.uasset" 927
"../../../../../../Desktop/RPG_prototype_sparkin/Content/RPG/Characters/Character/Knight/Animations/Attack/sword_and_shield_slash.uasset" 928
"../../../../../../Desktop/RPG_prototype_sparkin/Content/RPG/Characters/Character/Knight/Animations/Attack/AM_sword_and_shield_slash.uasset" 929
"../../../../../../Desktop/RPG_prototype_sparkin/Content/RPG/Blueprints/RPG_Skills/BP_RPG_Skill_Slash.uasset" 930
"../../../../../../Desktop/RPG_prototype_sparkin/Content/RPG/Characters/Character/Knight/Animations/Attack/sword_and_shield_kick.uasset" 931
"../../../../../../Desktop/RPG_prototype_sparkin/Content/RPG/Characters/Character/Knight/Animations/Attack/AM_sword_and_shield_kick.uasset" 932
"../../../../../../Desktop/RPG_prototype_sparkin/Content/RPG/Blueprints/RPG_Skills/BP_RPG_Skill_kick.uasset" 933
"../../../../../../Desktop/RPG_prototype_sparkin/Content/RPG/Characters/Character/BP_Knight.uasset" 934
"../../../../../../Desktop/RPG_prototype_sparkin/Content/RPG/Blueprints/RPG_GameMode.uasset" 935
"../../../../../../Desktop/RPG_prototype_sparkin/Content/EndLevel1/levelendImage.uasset" 936
"../../../Engine/Content/EngineFonts/ethnocentric_rg_it.uasset" 937
"../../../Engine/Content/EngineFonts/ethnocentric_rg_it_Font.uasset" 938
"../../../Engine/Content/EngineFonts/ethnocentric_rg.uasset" 939
"../../../Engine/Content/EngineFonts/ethnocentric_rg_Font.uasset" 940
"../../../../../../Desktop/RPG_prototype_sparkin/Content/EndLevel1/Levelend1widget.uasset" 941
"../../../../../../Desktop/RPG_prototype_sparkin/Content/EndLevel1/LevelEnd1.uasset" 942
"../../../../../../Desktop/RPG_prototype_sparkin/Content/Dungeon/Walls/Wall_Corner_Preset_04.uasset" 943
"../../../../../../Desktop/RPG_prototype_sparkin/Content/Dungeon/Walls/Wall_Corner_Preset_03.uasset" 944
"../../../../../../Desktop/RPG_prototype_sparkin/Content/Dungeon/Stairs/Stair_Pool_02.uasset" 945
"../../../../../../Desktop/RPG_prototype_sparkin/Content/Dungeon/Walls/Wall_Arch_Corner_06.uasset" 946
"../../../../../../Desktop/RPG_prototype_sparkin/Content/Dungeon/Stairs/Stair_Big_01_Mirrored.uasset" 947
"../../../../../../Desktop/RPG_prototype_sparkin/Content/Dungeon/Stairs/Stair_Big_01.uasset" 948
"../../../../../../Desktop/RPG_prototype_sparkin/Content/Dungeon/Stairs_Railings/Railing_Stair_Big_02_Mirrored.uasset" 949
"../../../../../../Desktop/RPG_prototype_sparkin/Content/Dungeon/Stairs_Railings/Railing_Stair_Big_01_Mirrored.uasset" 950
"../../../../../../Desktop/RPG_prototype_sparkin/Content/Dungeon/Railings/Railing_Rounded_01.uasset" 951
"../../../../../../Desktop/RPG_prototype_sparkin/Content/Dungeon/Railings/Railing_Pillar_01.uasset" 952
"../../../../../../Desktop/RPG_prototype_sparkin/Content/Dungeon/Railings/Railing_01.uasset" 953
"../../../../../../Desktop/RPG_prototype_sparkin/Content/Dungeon/Textures/Atlas_Furniture_01_Specular.uasset" 954
"../../../../../../Desktop/RPG_prototype_sparkin/Content/Dungeon/Textures/Atlas_Furniture_01_Normal.uasset" 955
"../../../../../../Desktop/RPG_prototype_sparkin/Content/Dungeon/Textures/Atlas_Furniture_01.uasset" 956
"../../../../../../Desktop/RPG_prototype_sparkin/Content/Dungeon/Materials/M_dungeon_Furniture.uasset" 957
"../../../../../../Desktop/RPG_prototype_sparkin/Content/Dungeon/Columns/Column_Low_Part_02.uasset" 958
"../../../../../../Desktop/RPG_prototype_sparkin/Content/Dungeon/Columns/Column_Low_Part_01.uasset" 959
"../../../../../../Desktop/RPG_prototype_sparkin/Content/Dungeon/Floor/Base_Rounded_01.uasset" 960
"../../../../../../Desktop/RPG_prototype_sparkin/Content/Dungeon/Floor/Base_01.uasset" 961
"../../../Engine/Content/EngineSky/T_Sky_Stars.uasset" 962
"../../../Engine/Content/EngineSky/T_Sky_Clouds_M.uasset" 963
"../../../Engine/Content/EngineSky/T_Sky_Blue.uasset" 964
"../../../Engine/Content/EngineSky/M_Sky_Panning_Clouds2.uasset" 965
"../../../Engine/Content/EngineSky/SM_SkySphere.uasset" 966
"../../../Engine/Content/EngineSky/C_Sky_Zenith_Color.uasset" 967
"../../../Engine/Content/EngineSky/C_Sky_Horizon_Color.uasset" 968
"../../../Engine/Content/EngineSky/C_Sky_Cloud_Color.uasset" 969
"../../../Engine/Content/EngineSky/BP_Sky_Sphere.uasset" 970
"../../../Engine/Content/EngineMaterials/WeightMapPlaceholderTexture.uasset" 971
"../../../../../../Desktop/RPG_prototype_sparkin/Content/ThirdPersonBP/Maps/level0.umap" 972
